============
2016-12-02 15:28:00
2016-12-02 15:28:00:149548--Error----EventId：42000--通用错误信息======AddServiceRecordClient;MethodName=System.Func`1[GameSpiritSystem.Utility.OperationUtil.OperationResult`1[System.Boolean]];Params:;Ex:System.InvalidOperationException: 可为空的对象必须具有一个值。
   在 GameSpiritSystem.BLL.tb_bulletinreadrecord.tb_bulletinreadrecordBLL.AddBulletinReadRecordClient(ParamBulletinReadRecordAdd dto)
   在 GameSpiritSystem.WebAPI.Controllers.BulletinReadRecordController.<>c__DisplayClass0_0.<AddBulletinReadRecordClient>b__0()
   在 GameSpiritSystem.BLL.LogUtil.OperationResultUtilPlus.TryCatch[T](Func`1 callback, Object parameters, String strErrorDisplayMsg, String strErrorLogMsg)
============
2016-12-02 15:28:02
2016-12-02 15:28:02:477733--Error----EventId：42000--通用错误信息======AddServiceRecordClient;MethodName=System.Func`1[GameSpiritSystem.Utility.OperationUtil.OperationResult`1[System.Boolean]];Params:;Ex:System.InvalidOperationException: 可为空的对象必须具有一个值。
   在 GameSpiritSystem.BLL.tb_bulletinreadrecord.tb_bulletinreadrecordBLL.AddBulletinReadRecordClient(ParamBulletinReadRecordAdd dto)
   在 GameSpiritSystem.WebAPI.Controllers.BulletinReadRecordController.<>c__DisplayClass0_0.<AddBulletinReadRecordClient>b__0()
   在 GameSpiritSystem.BLL.LogUtil.OperationResultUtilPlus.TryCatch[T](Func`1 callback, Object parameters, String strErrorDisplayMsg, String strErrorLogMsg)
============
2016-12-02 15:28:07
2016-12-02 15:28:07:884121--Error----EventId：42000--通用错误信息======AddServiceRecordClient;MethodName=System.Func`1[GameSpiritSystem.Utility.OperationUtil.OperationResult`1[System.Boolean]];Params:;Ex:System.InvalidOperationException: 可为空的对象必须具有一个值。
   在 GameSpiritSystem.BLL.tb_bulletinreadrecord.tb_bulletinreadrecordBLL.AddBulletinReadRecordClient(ParamBulletinReadRecordAdd dto)
   在 GameSpiritSystem.WebAPI.Controllers.BulletinReadRecordController.<>c__DisplayClass0_0.<AddBulletinReadRecordClient>b__0()
   在 GameSpiritSystem.BLL.LogUtil.OperationResultUtilPlus.TryCatch[T](Func`1 callback, Object parameters, String strErrorDisplayMsg, String strErrorLogMsg)
============
2016-12-02 16:34:01
2016-12-02 16:34:01:847329--Error----EventId：42000--通用错误信息======GetProblemInfoById;MethodName=System.Func`1[GameSpiritSystem.Utility.OperationUtil.OperationResult`1[GameSpiritSystem.Mode.DTOProblemInfo]];Params:;Ex:System.NullReferenceException: 未将对象引用设置到对象的实例。
   在 GameSpiritSystem.Mode.DTOProblemInfo..ctor(TbProblemEO EO)
   在 GameSpiritSystem.WebAPI.Controllers.ProblemController.<>c__DisplayClass1_0.<GetProblemInfoById>b__0()
   在 GameSpiritSystem.BLL.LogUtil.OperationResultUtilPlus.TryCatch[T](Func`1 callback, Object parameters, String strErrorDisplayMsg, String strErrorLogMsg)
============
2016-12-02 16:34:05
2016-12-02 16:34:05:941132--Error----EventId：42000--通用错误信息======GetProblemInfoById;MethodName=System.Func`1[GameSpiritSystem.Utility.OperationUtil.OperationResult`1[GameSpiritSystem.Mode.DTOProblemInfo]];Params:;Ex:System.NullReferenceException: 未将对象引用设置到对象的实例。
   在 GameSpiritSystem.Mode.DTOProblemInfo..ctor(TbProblemEO EO)
   在 GameSpiritSystem.WebAPI.Controllers.ProblemController.<>c__DisplayClass1_0.<GetProblemInfoById>b__0()
   在 GameSpiritSystem.BLL.LogUtil.OperationResultUtilPlus.TryCatch[T](Func`1 callback, Object parameters, String strErrorDisplayMsg, String strErrorLogMsg)
============
2016-12-02 16:34:09
2016-12-02 16:34:09:488117--Error----EventId：42000--通用错误信息======GetProblemInfoById;MethodName=System.Func`1[GameSpiritSystem.Utility.OperationUtil.OperationResult`1[GameSpiritSystem.Mode.DTOProblemInfo]];Params:;Ex:System.NullReferenceException: 未将对象引用设置到对象的实例。
   在 GameSpiritSystem.Mode.DTOProblemInfo..ctor(TbProblemEO EO)
   在 GameSpiritSystem.WebAPI.Controllers.ProblemController.<>c__DisplayClass1_0.<GetProblemInfoById>b__0()
   在 GameSpiritSystem.BLL.LogUtil.OperationResultUtilPlus.TryCatch[T](Func`1 callback, Object parameters, String strErrorDisplayMsg, String strErrorLogMsg)
============
2016-12-02 16:34:14
2016-12-02 16:34:14:128891--Error----EventId：42000--通用错误信息======GetProblemInfoById;MethodName=System.Func`1[GameSpiritSystem.Utility.OperationUtil.OperationResult`1[GameSpiritSystem.Mode.DTOProblemInfo]];Params:;Ex:System.NullReferenceException: 未将对象引用设置到对象的实例。
   在 GameSpiritSystem.Mode.DTOProblemInfo..ctor(TbProblemEO EO)
   在 GameSpiritSystem.WebAPI.Controllers.ProblemController.<>c__DisplayClass1_0.<GetProblemInfoById>b__0()
   在 GameSpiritSystem.BLL.LogUtil.OperationResultUtilPlus.TryCatch[T](Func`1 callback, Object parameters, String strErrorDisplayMsg, String strErrorLogMsg)
============
2016-12-02 16:34:17
2016-12-02 16:34:17:019608--Error----EventId：42000--通用错误信息======GetProblemInfoById;MethodName=System.Func`1[GameSpiritSystem.Utility.OperationUtil.OperationResult`1[GameSpiritSystem.Mode.DTOProblemInfo]];Params:;Ex:System.NullReferenceException: 未将对象引用设置到对象的实例。
   在 GameSpiritSystem.Mode.DTOProblemInfo..ctor(TbProblemEO EO)
   在 GameSpiritSystem.WebAPI.Controllers.ProblemController.<>c__DisplayClass1_0.<GetProblemInfoById>b__0()
   在 GameSpiritSystem.BLL.LogUtil.OperationResultUtilPlus.TryCatch[T](Func`1 callback, Object parameters, String strErrorDisplayMsg, String strErrorLogMsg)
============
2016-12-02 17:04:47
2016-12-02 17:04:47:018896--Error----EventId：42000--通用错误信息======GetProblemInfoById;MethodName=System.Func`1[GameSpiritSystem.Utility.OperationUtil.OperationResult`1[GameSpiritSystem.Mode.DTOProblemInfo]];Params:;Ex:System.NullReferenceException: 未将对象引用设置到对象的实例。
   在 GameSpiritSystem.Mode.DTOProblemInfo..ctor(TbProblemEO EO)
   在 GameSpiritSystem.WebAPI.Controllers.ProblemController.<>c__DisplayClass1_0.<GetProblemInfoById>b__0()
   在 GameSpiritSystem.BLL.LogUtil.OperationResultUtilPlus.TryCatch[T](Func`1 callback, Object parameters, String strErrorDisplayMsg, String strErrorLogMsg)
============
2016-12-02 17:04:58
2016-12-02 17:04:58:534816--Error----EventId：42000--通用错误信息======GetProblemInfoById;MethodName=System.Func`1[GameSpiritSystem.Utility.OperationUtil.OperationResult`1[GameSpiritSystem.Mode.DTOProblemInfo]];Params:;Ex:System.NullReferenceException: 未将对象引用设置到对象的实例。
   在 GameSpiritSystem.Mode.DTOProblemInfo..ctor(TbProblemEO EO)
   在 GameSpiritSystem.WebAPI.Controllers.ProblemController.<>c__DisplayClass1_0.<GetProblemInfoById>b__0()
   在 GameSpiritSystem.BLL.LogUtil.OperationResultUtilPlus.TryCatch[T](Func`1 callback, Object parameters, String strErrorDisplayMsg, String strErrorLogMsg)
