============
2016-12-13 10:23:38
2016-12-13 10:23:38:737692--Error----EventId：42000--通用错误信息======GetProblemSolve;MethodName=System.Func`1[GameSpiritSystem.Utility.OperationUtil.OperationResult`1[System.Collections.Generic.IList`1[GameSpiritSystem.Mode.DTOProblemSolve]]];Params:;Ex:MySql.Data.MySqlClient.MySqlException (0x80004005): Access denied for user 'gamespirit_rw'@'172.28.8.120' (using password: YES)
   在 MySql.Data.MySqlClient.MySqlStream.ReadPacket()
   在 MySql.Data.MySqlClient.NativeDriver.AuthenticateNew(Boolean reset)
   在 MySql.Data.MySqlClient.NativeDriver.Authenticate(Boolean reset)
   在 MySql.Data.MySqlClient.NativeDriver.Open()
   在 MySql.Data.MySqlClient.Driver.Open()
   在 MySql.Data.MySqlClient.Driver.Create(MySqlConnectionStringBuilder settings)
   在 MySql.Data.MySqlClient.MySqlPool.GetPooledConnection()
   在 MySql.Data.MySqlClient.MySqlPool.TryToGetDriver()
   在 MySql.Data.MySqlClient.MySqlPool.GetConnection()
   在 MySql.Data.MySqlClient.MySqlConnection.Open()
   在 TinyFx.Data.Database.OpenConnection(DbConnection conn)   在 TinyFx.ExceptionUtil.PreserveStackTrace(Exception ex, Boolean throwFirst)
   在 TinyFx.Data.Database.OpenConnection(DbConnection conn)
   在 TinyFx.Data.Database.ExecReader(CommandWrapper command)
   在 TinyFx.Data.DaoBase.ExecReader(TransactionManager tm)
   在 GameSpiritSystem.BLL.tb_problemsolve.tb_problemsolveBLL.<>c__DisplayClass5_0.<GetProblemSolveByAccount>b__0(Object[] args)
   在 GameSpiritSystem.Utility.Cache.RedisCache.GetList[T](String key, Func`2 getCacheItemFunc, Nullable`1 expiresIn, Object[] args)
   在 GameSpiritSystem.BLL.tb_problemsolve.tb_problemsolveBLL.GetProblemSolveByAccount(ParamAccount Param)
   在 GameSpiritSystem.WebAPI.Controllers.ProblemSolveController.<>c__DisplayClass1_0.<GetProblemSolve>b__0()
   在 GameSpiritSystem.BLL.LogUtil.OperationResultUtilPlus.TryCatch[T](Func`1 callback, Object parameters, String strErrorDisplayMsg, String strErrorLogMsg)
============
2016-12-13 10:30:43
2016-12-13 10:30:43:670695--Error----EventId：42000--通用错误信息======GetProblemSolve;MethodName=System.Func`1[GameSpiritSystem.Utility.OperationUtil.OperationResult`1[System.Collections.Generic.IList`1[GameSpiritSystem.Mode.DTOProblemSolve]]];Params:;Ex:MySql.Data.MySqlClient.MySqlException (0x80004005): Access denied for user 'gamespirit_rw'@'172.28.8.120' (using password: YES)
   在 MySql.Data.MySqlClient.MySqlStream.ReadPacket()
   在 MySql.Data.MySqlClient.NativeDriver.AuthenticateNew(Boolean reset)
   在 MySql.Data.MySqlClient.NativeDriver.Authenticate(Boolean reset)
   在 MySql.Data.MySqlClient.NativeDriver.Open()
   在 MySql.Data.MySqlClient.Driver.Open()
   在 MySql.Data.MySqlClient.Driver.Create(MySqlConnectionStringBuilder settings)
   在 MySql.Data.MySqlClient.MySqlPool.GetPooledConnection()
   在 MySql.Data.MySqlClient.MySqlPool.TryToGetDriver()
   在 MySql.Data.MySqlClient.MySqlPool.GetConnection()
   在 MySql.Data.MySqlClient.MySqlConnection.Open()
   在 TinyFx.Data.Database.OpenConnection(DbConnection conn)   在 TinyFx.ExceptionUtil.PreserveStackTrace(Exception ex, Boolean throwFirst)
   在 TinyFx.Data.Database.OpenConnection(DbConnection conn)
   在 TinyFx.Data.Database.ExecReader(CommandWrapper command)
   在 TinyFx.Data.DaoBase.ExecReader(TransactionManager tm)
   在 GameSpiritSystem.BLL.tb_problemsolve.tb_problemsolveBLL.<>c__DisplayClass5_0.<GetProblemSolveByAccount>b__0(Object[] args)
   在 GameSpiritSystem.Utility.Cache.RedisCache.GetList[T](String key, Func`2 getCacheItemFunc, Nullable`1 expiresIn, Object[] args)
   在 GameSpiritSystem.BLL.tb_problemsolve.tb_problemsolveBLL.GetProblemSolveByAccount(ParamAccount Param)
   在 GameSpiritSystem.WebAPI.Controllers.ProblemSolveController.<>c__DisplayClass1_0.<GetProblemSolve>b__0()
   在 GameSpiritSystem.BLL.LogUtil.OperationResultUtilPlus.TryCatch[T](Func`1 callback, Object parameters, String strErrorDisplayMsg, String strErrorLogMsg)
============
2016-12-13 10:32:06
2016-12-13 10:32:06:282226--Error----EventId：42000--通用错误信息======GetProblemSolve;MethodName=System.Func`1[GameSpiritSystem.Utility.OperationUtil.OperationResult`1[System.Collections.Generic.IList`1[GameSpiritSystem.Mode.DTOProblemSolve]]];Params:;Ex:MySql.Data.MySqlClient.MySqlException (0x80004005): Access denied for user 'gamespirit_rw'@'172.28.8.120' (using password: YES)
   在 MySql.Data.MySqlClient.MySqlStream.ReadPacket()
   在 MySql.Data.MySqlClient.NativeDriver.AuthenticateNew(Boolean reset)
   在 MySql.Data.MySqlClient.NativeDriver.Authenticate(Boolean reset)
   在 MySql.Data.MySqlClient.NativeDriver.Open()
   在 MySql.Data.MySqlClient.Driver.Open()
   在 MySql.Data.MySqlClient.Driver.Create(MySqlConnectionStringBuilder settings)
   在 MySql.Data.MySqlClient.MySqlPool.GetPooledConnection()
   在 MySql.Data.MySqlClient.MySqlPool.TryToGetDriver()
   在 MySql.Data.MySqlClient.MySqlPool.GetConnection()
   在 MySql.Data.MySqlClient.MySqlConnection.Open()
   在 TinyFx.Data.Database.OpenConnection(DbConnection conn)   在 TinyFx.ExceptionUtil.PreserveStackTrace(Exception ex, Boolean throwFirst)
   在 TinyFx.Data.Database.OpenConnection(DbConnection conn)
   在 TinyFx.Data.Database.ExecReader(CommandWrapper command)
   在 TinyFx.Data.DaoBase.ExecReader(TransactionManager tm)
   在 GameSpiritSystem.BLL.tb_problemsolve.tb_problemsolveBLL.<>c__DisplayClass5_0.<GetProblemSolveByAccount>b__0(Object[] args)
   在 GameSpiritSystem.Utility.Cache.RedisCache.GetList[T](String key, Func`2 getCacheItemFunc, Nullable`1 expiresIn, Object[] args)
   在 GameSpiritSystem.BLL.tb_problemsolve.tb_problemsolveBLL.GetProblemSolveByAccount(ParamAccount Param)
   在 GameSpiritSystem.WebAPI.Controllers.ProblemSolveController.<>c__DisplayClass1_0.<GetProblemSolve>b__0()
   在 GameSpiritSystem.BLL.LogUtil.OperationResultUtilPlus.TryCatch[T](Func`1 callback, Object parameters, String strErrorDisplayMsg, String strErrorLogMsg)
============
2016-12-13 10:32:10
2016-12-13 10:32:10:844784--Error----EventId：42000--通用错误信息======GetProblemSolve;MethodName=System.Func`1[GameSpiritSystem.Utility.OperationUtil.OperationResult`1[System.Collections.Generic.IList`1[GameSpiritSystem.Mode.DTOProblemSolve]]];Params:;Ex:MySql.Data.MySqlClient.MySqlException (0x80004005): Access denied for user 'gamespirit_rw'@'172.28.8.120' (using password: YES)
   在 MySql.Data.MySqlClient.MySqlStream.ReadPacket()
   在 MySql.Data.MySqlClient.NativeDriver.AuthenticateNew(Boolean reset)
   在 MySql.Data.MySqlClient.NativeDriver.Authenticate(Boolean reset)
   在 MySql.Data.MySqlClient.NativeDriver.Open()
   在 MySql.Data.MySqlClient.Driver.Open()
   在 MySql.Data.MySqlClient.Driver.Create(MySqlConnectionStringBuilder settings)
   在 MySql.Data.MySqlClient.MySqlPool.GetPooledConnection()
   在 MySql.Data.MySqlClient.MySqlPool.TryToGetDriver()
   在 MySql.Data.MySqlClient.MySqlPool.GetConnection()
   在 MySql.Data.MySqlClient.MySqlConnection.Open()
   在 TinyFx.Data.Database.OpenConnection(DbConnection conn)   在 TinyFx.ExceptionUtil.PreserveStackTrace(Exception ex, Boolean throwFirst)
   在 TinyFx.Data.Database.OpenConnection(DbConnection conn)
   在 TinyFx.Data.Database.ExecReader(CommandWrapper command)
   在 TinyFx.Data.DaoBase.ExecReader(TransactionManager tm)
   在 GameSpiritSystem.BLL.tb_problemsolve.tb_problemsolveBLL.<>c__DisplayClass5_0.<GetProblemSolveByAccount>b__0(Object[] args)
   在 GameSpiritSystem.Utility.Cache.RedisCache.GetList[T](String key, Func`2 getCacheItemFunc, Nullable`1 expiresIn, Object[] args)
   在 GameSpiritSystem.BLL.tb_problemsolve.tb_problemsolveBLL.GetProblemSolveByAccount(ParamAccount Param)
   在 GameSpiritSystem.WebAPI.Controllers.ProblemSolveController.<>c__DisplayClass1_0.<GetProblemSolve>b__0()
   在 GameSpiritSystem.BLL.LogUtil.OperationResultUtilPlus.TryCatch[T](Func`1 callback, Object parameters, String strErrorDisplayMsg, String strErrorLogMsg)
============
2016-12-13 10:32:42
2016-12-13 10:32:42:985923--Error----EventId：42000--通用错误信息======GetProblemSolve;MethodName=System.Func`1[GameSpiritSystem.Utility.OperationUtil.OperationResult`1[System.Collections.Generic.IList`1[GameSpiritSystem.Mode.DTOProblemSolve]]];Params:;Ex:MySql.Data.MySqlClient.MySqlException (0x80004005): Access denied for user 'gamespirit_rw'@'172.28.8.120' (using password: YES)
   在 MySql.Data.MySqlClient.MySqlStream.ReadPacket()
   在 MySql.Data.MySqlClient.NativeDriver.AuthenticateNew(Boolean reset)
   在 MySql.Data.MySqlClient.NativeDriver.Authenticate(Boolean reset)
   在 MySql.Data.MySqlClient.NativeDriver.Open()
   在 MySql.Data.MySqlClient.Driver.Open()
   在 MySql.Data.MySqlClient.Driver.Create(MySqlConnectionStringBuilder settings)
   在 MySql.Data.MySqlClient.MySqlPool.GetPooledConnection()
   在 MySql.Data.MySqlClient.MySqlPool.TryToGetDriver()
   在 MySql.Data.MySqlClient.MySqlPool.GetConnection()
   在 MySql.Data.MySqlClient.MySqlConnection.Open()
   在 TinyFx.Data.Database.OpenConnection(DbConnection conn)   在 TinyFx.ExceptionUtil.PreserveStackTrace(Exception ex, Boolean throwFirst)
   在 TinyFx.Data.Database.OpenConnection(DbConnection conn)
   在 TinyFx.Data.Database.ExecReader(CommandWrapper command)
   在 TinyFx.Data.DaoBase.ExecReader(TransactionManager tm)
   在 GameSpiritSystem.BLL.tb_problemsolve.tb_problemsolveBLL.<>c__DisplayClass5_0.<GetProblemSolveByAccount>b__0(Object[] args)
   在 GameSpiritSystem.Utility.Cache.RedisCache.GetList[T](String key, Func`2 getCacheItemFunc, Nullable`1 expiresIn, Object[] args)
   在 GameSpiritSystem.BLL.tb_problemsolve.tb_problemsolveBLL.GetProblemSolveByAccount(ParamAccount Param)
   在 GameSpiritSystem.WebAPI.Controllers.ProblemSolveController.<>c__DisplayClass1_0.<GetProblemSolve>b__0()
   在 GameSpiritSystem.BLL.LogUtil.OperationResultUtilPlus.TryCatch[T](Func`1 callback, Object parameters, String strErrorDisplayMsg, String strErrorLogMsg)
============
2016-12-13 10:32:49
2016-12-13 10:32:49:626633--Error----EventId：42000--通用错误信息======GetProblemSolve;MethodName=System.Func`1[GameSpiritSystem.Utility.OperationUtil.OperationResult`1[System.Collections.Generic.IList`1[GameSpiritSystem.Mode.DTOProblemSolve]]];Params:;Ex:MySql.Data.MySqlClient.MySqlException (0x80004005): Access denied for user 'gamespirit_rw'@'172.28.8.120' (using password: YES)
   在 MySql.Data.MySqlClient.MySqlStream.ReadPacket()
   在 MySql.Data.MySqlClient.NativeDriver.AuthenticateNew(Boolean reset)
   在 MySql.Data.MySqlClient.NativeDriver.Authenticate(Boolean reset)
   在 MySql.Data.MySqlClient.NativeDriver.Open()
   在 MySql.Data.MySqlClient.Driver.Open()
   在 MySql.Data.MySqlClient.Driver.Create(MySqlConnectionStringBuilder settings)
   在 MySql.Data.MySqlClient.MySqlPool.GetPooledConnection()
   在 MySql.Data.MySqlClient.MySqlPool.TryToGetDriver()
   在 MySql.Data.MySqlClient.MySqlPool.GetConnection()
   在 MySql.Data.MySqlClient.MySqlConnection.Open()
   在 TinyFx.Data.Database.OpenConnection(DbConnection conn)   在 TinyFx.ExceptionUtil.PreserveStackTrace(Exception ex, Boolean throwFirst)
   在 TinyFx.Data.Database.OpenConnection(DbConnection conn)
   在 TinyFx.Data.Database.ExecReader(CommandWrapper command)
   在 TinyFx.Data.DaoBase.ExecReader(TransactionManager tm)
   在 GameSpiritSystem.BLL.tb_problemsolve.tb_problemsolveBLL.<>c__DisplayClass5_0.<GetProblemSolveByAccount>b__0(Object[] args)
   在 GameSpiritSystem.Utility.Cache.RedisCache.GetList[T](String key, Func`2 getCacheItemFunc, Nullable`1 expiresIn, Object[] args)
   在 GameSpiritSystem.BLL.tb_problemsolve.tb_problemsolveBLL.GetProblemSolveByAccount(ParamAccount Param)
   在 GameSpiritSystem.WebAPI.Controllers.ProblemSolveController.<>c__DisplayClass1_0.<GetProblemSolve>b__0()
   在 GameSpiritSystem.BLL.LogUtil.OperationResultUtilPlus.TryCatch[T](Func`1 callback, Object parameters, String strErrorDisplayMsg, String strErrorLogMsg)
============
2016-12-13 10:33:03
2016-12-13 10:33:03:298683--Error----EventId：42000--通用错误信息======GetProblemSolve;MethodName=System.Func`1[GameSpiritSystem.Utility.OperationUtil.OperationResult`1[System.Collections.Generic.IList`1[GameSpiritSystem.Mode.DTOProblemSolve]]];Params:;Ex:MySql.Data.MySqlClient.MySqlException (0x80004005): Access denied for user 'gamespirit_rw'@'172.28.8.120' (using password: YES)
   在 MySql.Data.MySqlClient.MySqlStream.ReadPacket()
   在 MySql.Data.MySqlClient.NativeDriver.AuthenticateNew(Boolean reset)
   在 MySql.Data.MySqlClient.NativeDriver.Authenticate(Boolean reset)
   在 MySql.Data.MySqlClient.NativeDriver.Open()
   在 MySql.Data.MySqlClient.Driver.Open()
   在 MySql.Data.MySqlClient.Driver.Create(MySqlConnectionStringBuilder settings)
   在 MySql.Data.MySqlClient.MySqlPool.GetPooledConnection()
   在 MySql.Data.MySqlClient.MySqlPool.TryToGetDriver()
   在 MySql.Data.MySqlClient.MySqlPool.GetConnection()
   在 MySql.Data.MySqlClient.MySqlConnection.Open()
   在 TinyFx.Data.Database.OpenConnection(DbConnection conn)   在 TinyFx.ExceptionUtil.PreserveStackTrace(Exception ex, Boolean throwFirst)
   在 TinyFx.Data.Database.OpenConnection(DbConnection conn)
   在 TinyFx.Data.Database.ExecReader(CommandWrapper command)
   在 TinyFx.Data.DaoBase.ExecReader(TransactionManager tm)
   在 GameSpiritSystem.BLL.tb_problemsolve.tb_problemsolveBLL.<>c__DisplayClass5_0.<GetProblemSolveByAccount>b__0(Object[] args)
   在 GameSpiritSystem.Utility.Cache.RedisCache.GetList[T](String key, Func`2 getCacheItemFunc, Nullable`1 expiresIn, Object[] args)
   在 GameSpiritSystem.BLL.tb_problemsolve.tb_problemsolveBLL.GetProblemSolveByAccount(ParamAccount Param)
   在 GameSpiritSystem.WebAPI.Controllers.ProblemSolveController.<>c__DisplayClass1_0.<GetProblemSolve>b__0()
   在 GameSpiritSystem.BLL.LogUtil.OperationResultUtilPlus.TryCatch[T](Func`1 callback, Object parameters, String strErrorDisplayMsg, String strErrorLogMsg)
============
2016-12-13 10:33:06
2016-12-13 10:33:06:423763--Error----EventId：42000--通用错误信息======GetProblemSolve;MethodName=System.Func`1[GameSpiritSystem.Utility.OperationUtil.OperationResult`1[System.Collections.Generic.IList`1[GameSpiritSystem.Mode.DTOProblemSolve]]];Params:;Ex:MySql.Data.MySqlClient.MySqlException (0x80004005): Access denied for user 'gamespirit_rw'@'172.28.8.120' (using password: YES)
   在 MySql.Data.MySqlClient.MySqlStream.ReadPacket()
   在 MySql.Data.MySqlClient.NativeDriver.AuthenticateNew(Boolean reset)
   在 MySql.Data.MySqlClient.NativeDriver.Authenticate(Boolean reset)
   在 MySql.Data.MySqlClient.NativeDriver.Open()
   在 MySql.Data.MySqlClient.Driver.Open()
   在 MySql.Data.MySqlClient.Driver.Create(MySqlConnectionStringBuilder settings)
   在 MySql.Data.MySqlClient.MySqlPool.GetPooledConnection()
   在 MySql.Data.MySqlClient.MySqlPool.TryToGetDriver()
   在 MySql.Data.MySqlClient.MySqlPool.GetConnection()
   在 MySql.Data.MySqlClient.MySqlConnection.Open()
   在 TinyFx.Data.Database.OpenConnection(DbConnection conn)   在 TinyFx.ExceptionUtil.PreserveStackTrace(Exception ex, Boolean throwFirst)
   在 TinyFx.Data.Database.OpenConnection(DbConnection conn)
   在 TinyFx.Data.Database.ExecReader(CommandWrapper command)
   在 TinyFx.Data.DaoBase.ExecReader(TransactionManager tm)
   在 GameSpiritSystem.BLL.tb_problemsolve.tb_problemsolveBLL.<>c__DisplayClass5_0.<GetProblemSolveByAccount>b__0(Object[] args)
   在 GameSpiritSystem.Utility.Cache.RedisCache.GetList[T](String key, Func`2 getCacheItemFunc, Nullable`1 expiresIn, Object[] args)
   在 GameSpiritSystem.BLL.tb_problemsolve.tb_problemsolveBLL.GetProblemSolveByAccount(ParamAccount Param)
   在 GameSpiritSystem.WebAPI.Controllers.ProblemSolveController.<>c__DisplayClass1_0.<GetProblemSolve>b__0()
   在 GameSpiritSystem.BLL.LogUtil.OperationResultUtilPlus.TryCatch[T](Func`1 callback, Object parameters, String strErrorDisplayMsg, String strErrorLogMsg)
============
2016-12-13 10:39:30
2016-12-13 10:39:30:652101--Error----EventId：42000--通用错误信息======GetProblemSolve;MethodName=System.Func`1[GameSpiritSystem.Utility.OperationUtil.OperationResult`1[System.Collections.Generic.IList`1[GameSpiritSystem.Mode.DTOProblemSolve]]];Params:;Ex:MySql.Data.MySqlClient.MySqlException (0x80004005): Access denied for user 'gamespirit_rw'@'172.28.8.120' (using password: YES)
   在 MySql.Data.MySqlClient.MySqlStream.ReadPacket()
   在 MySql.Data.MySqlClient.NativeDriver.AuthenticateNew(Boolean reset)
   在 MySql.Data.MySqlClient.NativeDriver.Authenticate(Boolean reset)
   在 MySql.Data.MySqlClient.NativeDriver.Open()
   在 MySql.Data.MySqlClient.Driver.Open()
   在 MySql.Data.MySqlClient.Driver.Create(MySqlConnectionStringBuilder settings)
   在 MySql.Data.MySqlClient.MySqlPool.GetPooledConnection()
   在 MySql.Data.MySqlClient.MySqlPool.TryToGetDriver()
   在 MySql.Data.MySqlClient.MySqlPool.GetConnection()
   在 MySql.Data.MySqlClient.MySqlConnection.Open()
   在 TinyFx.Data.Database.OpenConnection(DbConnection conn)   在 TinyFx.ExceptionUtil.PreserveStackTrace(Exception ex, Boolean throwFirst)
   在 TinyFx.Data.Database.OpenConnection(DbConnection conn)
   在 TinyFx.Data.Database.ExecReader(CommandWrapper command)
   在 TinyFx.Data.DaoBase.ExecReader(TransactionManager tm)
   在 GameSpiritSystem.BLL.tb_problemsolve.tb_problemsolveBLL.<>c__DisplayClass5_0.<GetProblemSolveByAccount>b__0(Object[] args)
   在 GameSpiritSystem.Utility.Cache.RedisCache.GetList[T](String key, Func`2 getCacheItemFunc, Nullable`1 expiresIn, Object[] args)
   在 GameSpiritSystem.BLL.tb_problemsolve.tb_problemsolveBLL.GetProblemSolveByAccount(ParamAccount Param)
   在 GameSpiritSystem.WebAPI.Controllers.ProblemSolveController.<>c__DisplayClass1_0.<GetProblemSolve>b__0()
   在 GameSpiritSystem.BLL.LogUtil.OperationResultUtilPlus.TryCatch[T](Func`1 callback, Object parameters, String strErrorDisplayMsg, String strErrorLogMsg)
============
2016-12-13 10:40:47
2016-12-13 10:40:47:185556--Error----EventId：42000--通用错误信息======GetProblemSolve;MethodName=System.Func`1[GameSpiritSystem.Utility.OperationUtil.OperationResult`1[System.Collections.Generic.IList`1[GameSpiritSystem.Mode.DTOProblemSolve]]];Params:;Ex:MySql.Data.MySqlClient.MySqlException (0x80004005): Access denied for user 'gamespirit_rw'@'172.28.8.120' (using password: YES)
   在 MySql.Data.MySqlClient.MySqlStream.ReadPacket()
   在 MySql.Data.MySqlClient.NativeDriver.AuthenticateNew(Boolean reset)
   在 MySql.Data.MySqlClient.NativeDriver.Authenticate(Boolean reset)
   在 MySql.Data.MySqlClient.NativeDriver.Open()
   在 MySql.Data.MySqlClient.Driver.Open()
   在 MySql.Data.MySqlClient.Driver.Create(MySqlConnectionStringBuilder settings)
   在 MySql.Data.MySqlClient.MySqlPool.GetPooledConnection()
   在 MySql.Data.MySqlClient.MySqlPool.TryToGetDriver()
   在 MySql.Data.MySqlClient.MySqlPool.GetConnection()
   在 MySql.Data.MySqlClient.MySqlConnection.Open()
   在 TinyFx.Data.Database.OpenConnection(DbConnection conn)   在 TinyFx.ExceptionUtil.PreserveStackTrace(Exception ex, Boolean throwFirst)
   在 TinyFx.Data.Database.OpenConnection(DbConnection conn)
   在 TinyFx.Data.Database.ExecReader(CommandWrapper command)
   在 TinyFx.Data.DaoBase.ExecReader(TransactionManager tm)
   在 GameSpiritSystem.BLL.tb_problemsolve.tb_problemsolveBLL.<>c__DisplayClass5_0.<GetProblemSolveByAccount>b__0(Object[] args)
   在 GameSpiritSystem.Utility.Cache.RedisCache.GetList[T](String key, Func`2 getCacheItemFunc, Nullable`1 expiresIn, Object[] args)
   在 GameSpiritSystem.BLL.tb_problemsolve.tb_problemsolveBLL.GetProblemSolveByAccount(ParamAccount Param)
   在 GameSpiritSystem.WebAPI.Controllers.ProblemSolveController.<>c__DisplayClass1_0.<GetProblemSolve>b__0()
   在 GameSpiritSystem.BLL.LogUtil.OperationResultUtilPlus.TryCatch[T](Func`1 callback, Object parameters, String strErrorDisplayMsg, String strErrorLogMsg)
============
2016-12-13 10:43:30
2016-12-13 10:43:30:924078--Error----EventId：42000--通用错误信息======GetProblemSolve;MethodName=System.Func`1[GameSpiritSystem.Utility.OperationUtil.OperationResult`1[System.Collections.Generic.IList`1[GameSpiritSystem.Mode.DTOProblemSolve]]];Params:;Ex:MySql.Data.MySqlClient.MySqlException (0x80004005): Access denied for user 'gamespirit_rw'@'172.28.8.120' (using password: YES)
   在 MySql.Data.MySqlClient.MySqlStream.ReadPacket()
   在 MySql.Data.MySqlClient.NativeDriver.AuthenticateNew(Boolean reset)
   在 MySql.Data.MySqlClient.NativeDriver.Authenticate(Boolean reset)
   在 MySql.Data.MySqlClient.NativeDriver.Open()
   在 MySql.Data.MySqlClient.Driver.Open()
   在 MySql.Data.MySqlClient.Driver.Create(MySqlConnectionStringBuilder settings)
   在 MySql.Data.MySqlClient.MySqlPool.GetPooledConnection()
   在 MySql.Data.MySqlClient.MySqlPool.TryToGetDriver()
   在 MySql.Data.MySqlClient.MySqlPool.GetConnection()
   在 MySql.Data.MySqlClient.MySqlConnection.Open()
   在 TinyFx.Data.Database.OpenConnection(DbConnection conn)   在 TinyFx.ExceptionUtil.PreserveStackTrace(Exception ex, Boolean throwFirst)
   在 TinyFx.Data.Database.OpenConnection(DbConnection conn)
   在 TinyFx.Data.Database.ExecReader(CommandWrapper command)
   在 TinyFx.Data.DaoBase.ExecReader(TransactionManager tm)
   在 GameSpiritSystem.BLL.tb_problemsolve.tb_problemsolveBLL.<>c__DisplayClass5_0.<GetProblemSolveByAccount>b__0(Object[] args)
   在 GameSpiritSystem.Utility.Cache.RedisCache.GetList[T](String key, Func`2 getCacheItemFunc, Nullable`1 expiresIn, Object[] args)
   在 GameSpiritSystem.BLL.tb_problemsolve.tb_problemsolveBLL.GetProblemSolveByAccount(ParamAccount Param)
   在 GameSpiritSystem.WebAPI.Controllers.ProblemSolveController.<>c__DisplayClass1_0.<GetProblemSolve>b__0()
   在 GameSpiritSystem.BLL.LogUtil.OperationResultUtilPlus.TryCatch[T](Func`1 callback, Object parameters, String strErrorDisplayMsg, String strErrorLogMsg)
============
2016-12-13 10:43:33
2016-12-13 10:43:33:189732--Error----EventId：42000--通用错误信息======GetProblemSolve;MethodName=System.Func`1[GameSpiritSystem.Utility.OperationUtil.OperationResult`1[System.Collections.Generic.IList`1[GameSpiritSystem.Mode.DTOProblemSolve]]];Params:;Ex:MySql.Data.MySqlClient.MySqlException (0x80004005): Access denied for user 'gamespirit_rw'@'172.28.8.120' (using password: YES)
   在 MySql.Data.MySqlClient.MySqlStream.ReadPacket()
   在 MySql.Data.MySqlClient.NativeDriver.AuthenticateNew(Boolean reset)
   在 MySql.Data.MySqlClient.NativeDriver.Authenticate(Boolean reset)
   在 MySql.Data.MySqlClient.NativeDriver.Open()
   在 MySql.Data.MySqlClient.Driver.Open()
   在 MySql.Data.MySqlClient.Driver.Create(MySqlConnectionStringBuilder settings)
   在 MySql.Data.MySqlClient.MySqlPool.GetPooledConnection()
   在 MySql.Data.MySqlClient.MySqlPool.TryToGetDriver()
   在 MySql.Data.MySqlClient.MySqlPool.GetConnection()
   在 MySql.Data.MySqlClient.MySqlConnection.Open()
   在 TinyFx.Data.Database.OpenConnection(DbConnection conn)   在 TinyFx.ExceptionUtil.PreserveStackTrace(Exception ex, Boolean throwFirst)
   在 TinyFx.Data.Database.OpenConnection(DbConnection conn)
   在 TinyFx.Data.Database.ExecReader(CommandWrapper command)
   在 TinyFx.Data.DaoBase.ExecReader(TransactionManager tm)
   在 GameSpiritSystem.BLL.tb_problemsolve.tb_problemsolveBLL.<>c__DisplayClass5_0.<GetProblemSolveByAccount>b__0(Object[] args)
   在 GameSpiritSystem.Utility.Cache.RedisCache.GetList[T](String key, Func`2 getCacheItemFunc, Nullable`1 expiresIn, Object[] args)
   在 GameSpiritSystem.BLL.tb_problemsolve.tb_problemsolveBLL.GetProblemSolveByAccount(ParamAccount Param)
   在 GameSpiritSystem.WebAPI.Controllers.ProblemSolveController.<>c__DisplayClass1_0.<GetProblemSolve>b__0()
   在 GameSpiritSystem.BLL.LogUtil.OperationResultUtilPlus.TryCatch[T](Func`1 callback, Object parameters, String strErrorDisplayMsg, String strErrorLogMsg)
============
2016-12-13 10:43:36
2016-12-13 10:43:36:158520--Error----EventId：42000--通用错误信息======GetProblemSolve;MethodName=System.Func`1[GameSpiritSystem.Utility.OperationUtil.OperationResult`1[System.Collections.Generic.IList`1[GameSpiritSystem.Mode.DTOProblemSolve]]];Params:;Ex:MySql.Data.MySqlClient.MySqlException (0x80004005): Access denied for user 'gamespirit_rw'@'172.28.8.120' (using password: YES)
   在 MySql.Data.MySqlClient.MySqlStream.ReadPacket()
   在 MySql.Data.MySqlClient.NativeDriver.AuthenticateNew(Boolean reset)
   在 MySql.Data.MySqlClient.NativeDriver.Authenticate(Boolean reset)
   在 MySql.Data.MySqlClient.NativeDriver.Open()
   在 MySql.Data.MySqlClient.Driver.Open()
   在 MySql.Data.MySqlClient.Driver.Create(MySqlConnectionStringBuilder settings)
   在 MySql.Data.MySqlClient.MySqlPool.GetPooledConnection()
   在 MySql.Data.MySqlClient.MySqlPool.TryToGetDriver()
   在 MySql.Data.MySqlClient.MySqlPool.GetConnection()
   在 MySql.Data.MySqlClient.MySqlConnection.Open()
   在 TinyFx.Data.Database.OpenConnection(DbConnection conn)   在 TinyFx.ExceptionUtil.PreserveStackTrace(Exception ex, Boolean throwFirst)
   在 TinyFx.Data.Database.OpenConnection(DbConnection conn)
   在 TinyFx.Data.Database.ExecReader(CommandWrapper command)
   在 TinyFx.Data.DaoBase.ExecReader(TransactionManager tm)
   在 GameSpiritSystem.BLL.tb_problemsolve.tb_problemsolveBLL.<>c__DisplayClass5_0.<GetProblemSolveByAccount>b__0(Object[] args)
   在 GameSpiritSystem.Utility.Cache.RedisCache.GetList[T](String key, Func`2 getCacheItemFunc, Nullable`1 expiresIn, Object[] args)
   在 GameSpiritSystem.BLL.tb_problemsolve.tb_problemsolveBLL.GetProblemSolveByAccount(ParamAccount Param)
   在 GameSpiritSystem.WebAPI.Controllers.ProblemSolveController.<>c__DisplayClass1_0.<GetProblemSolve>b__0()
   在 GameSpiritSystem.BLL.LogUtil.OperationResultUtilPlus.TryCatch[T](Func`1 callback, Object parameters, String strErrorDisplayMsg, String strErrorLogMsg)
============
2016-12-13 10:43:36
2016-12-13 10:43:36:799154--Error----EventId：42000--通用错误信息======GetProblemSolve;MethodName=System.Func`1[GameSpiritSystem.Utility.OperationUtil.OperationResult`1[System.Collections.Generic.IList`1[GameSpiritSystem.Mode.DTOProblemSolve]]];Params:;Ex:MySql.Data.MySqlClient.MySqlException (0x80004005): Access denied for user 'gamespirit_rw'@'172.28.8.120' (using password: YES)
   在 MySql.Data.MySqlClient.MySqlStream.ReadPacket()
   在 MySql.Data.MySqlClient.NativeDriver.AuthenticateNew(Boolean reset)
   在 MySql.Data.MySqlClient.NativeDriver.Authenticate(Boolean reset)
   在 MySql.Data.MySqlClient.NativeDriver.Open()
   在 MySql.Data.MySqlClient.Driver.Open()
   在 MySql.Data.MySqlClient.Driver.Create(MySqlConnectionStringBuilder settings)
   在 MySql.Data.MySqlClient.MySqlPool.GetPooledConnection()
   在 MySql.Data.MySqlClient.MySqlPool.TryToGetDriver()
   在 MySql.Data.MySqlClient.MySqlPool.GetConnection()
   在 MySql.Data.MySqlClient.MySqlConnection.Open()
   在 TinyFx.Data.Database.OpenConnection(DbConnection conn)   在 TinyFx.ExceptionUtil.PreserveStackTrace(Exception ex, Boolean throwFirst)
   在 TinyFx.Data.Database.OpenConnection(DbConnection conn)
   在 TinyFx.Data.Database.ExecReader(CommandWrapper command)
   在 TinyFx.Data.DaoBase.ExecReader(TransactionManager tm)
   在 GameSpiritSystem.BLL.tb_problemsolve.tb_problemsolveBLL.<>c__DisplayClass5_0.<GetProblemSolveByAccount>b__0(Object[] args)
   在 GameSpiritSystem.Utility.Cache.RedisCache.GetList[T](String key, Func`2 getCacheItemFunc, Nullable`1 expiresIn, Object[] args)
   在 GameSpiritSystem.BLL.tb_problemsolve.tb_problemsolveBLL.GetProblemSolveByAccount(ParamAccount Param)
   在 GameSpiritSystem.WebAPI.Controllers.ProblemSolveController.<>c__DisplayClass1_0.<GetProblemSolve>b__0()
   在 GameSpiritSystem.BLL.LogUtil.OperationResultUtilPlus.TryCatch[T](Func`1 callback, Object parameters, String strErrorDisplayMsg, String strErrorLogMsg)
============
2016-12-13 10:43:49
2016-12-13 10:43:49:877446--Error----EventId：42000--通用错误信息======GetProblemSolve;MethodName=System.Func`1[GameSpiritSystem.Utility.OperationUtil.OperationResult`1[System.Collections.Generic.IList`1[GameSpiritSystem.Mode.DTOProblemSolve]]];Params:;Ex:MySql.Data.MySqlClient.MySqlException (0x80004005): Access denied for user 'gamespirit_rw'@'172.28.8.120' (using password: YES)
   在 MySql.Data.MySqlClient.MySqlStream.ReadPacket()
   在 MySql.Data.MySqlClient.NativeDriver.AuthenticateNew(Boolean reset)
   在 MySql.Data.MySqlClient.NativeDriver.Authenticate(Boolean reset)
   在 MySql.Data.MySqlClient.NativeDriver.Open()
   在 MySql.Data.MySqlClient.Driver.Open()
   在 MySql.Data.MySqlClient.Driver.Create(MySqlConnectionStringBuilder settings)
   在 MySql.Data.MySqlClient.MySqlPool.GetPooledConnection()
   在 MySql.Data.MySqlClient.MySqlPool.TryToGetDriver()
   在 MySql.Data.MySqlClient.MySqlPool.GetConnection()
   在 MySql.Data.MySqlClient.MySqlConnection.Open()
   在 TinyFx.Data.Database.OpenConnection(DbConnection conn)   在 TinyFx.ExceptionUtil.PreserveStackTrace(Exception ex, Boolean throwFirst)
   在 TinyFx.Data.Database.OpenConnection(DbConnection conn)
   在 TinyFx.Data.Database.ExecReader(CommandWrapper command)
   在 TinyFx.Data.DaoBase.ExecReader(TransactionManager tm)
   在 GameSpiritSystem.BLL.tb_problemsolve.tb_problemsolveBLL.<>c__DisplayClass5_0.<GetProblemSolveByAccount>b__0(Object[] args)
   在 GameSpiritSystem.Utility.Cache.RedisCache.GetList[T](String key, Func`2 getCacheItemFunc, Nullable`1 expiresIn, Object[] args)
   在 GameSpiritSystem.BLL.tb_problemsolve.tb_problemsolveBLL.GetProblemSolveByAccount(ParamAccount Param)
   在 GameSpiritSystem.WebAPI.Controllers.ProblemSolveController.<>c__DisplayClass1_0.<GetProblemSolve>b__0()
   在 GameSpiritSystem.BLL.LogUtil.OperationResultUtilPlus.TryCatch[T](Func`1 callback, Object parameters, String strErrorDisplayMsg, String strErrorLogMsg)
============
2016-12-13 10:43:55
2016-12-13 10:43:55:986899--Error----EventId：42000--通用错误信息======GetProblemSolve;MethodName=System.Func`1[GameSpiritSystem.Utility.OperationUtil.OperationResult`1[System.Collections.Generic.IList`1[GameSpiritSystem.Mode.DTOProblemSolve]]];Params:;Ex:MySql.Data.MySqlClient.MySqlException (0x80004005): Access denied for user 'gamespirit_rw'@'172.28.8.120' (using password: YES)
   在 MySql.Data.MySqlClient.MySqlStream.ReadPacket()
   在 MySql.Data.MySqlClient.NativeDriver.AuthenticateNew(Boolean reset)
   在 MySql.Data.MySqlClient.NativeDriver.Authenticate(Boolean reset)
   在 MySql.Data.MySqlClient.NativeDriver.Open()
   在 MySql.Data.MySqlClient.Driver.Open()
   在 MySql.Data.MySqlClient.Driver.Create(MySqlConnectionStringBuilder settings)
   在 MySql.Data.MySqlClient.MySqlPool.GetPooledConnection()
   在 MySql.Data.MySqlClient.MySqlPool.TryToGetDriver()
   在 MySql.Data.MySqlClient.MySqlPool.GetConnection()
   在 MySql.Data.MySqlClient.MySqlConnection.Open()
   在 TinyFx.Data.Database.OpenConnection(DbConnection conn)   在 TinyFx.ExceptionUtil.PreserveStackTrace(Exception ex, Boolean throwFirst)
   在 TinyFx.Data.Database.OpenConnection(DbConnection conn)
   在 TinyFx.Data.Database.ExecReader(CommandWrapper command)
   在 TinyFx.Data.DaoBase.ExecReader(TransactionManager tm)
   在 GameSpiritSystem.BLL.tb_problemsolve.tb_problemsolveBLL.<>c__DisplayClass5_0.<GetProblemSolveByAccount>b__0(Object[] args)
   在 GameSpiritSystem.Utility.Cache.RedisCache.GetList[T](String key, Func`2 getCacheItemFunc, Nullable`1 expiresIn, Object[] args)
   在 GameSpiritSystem.BLL.tb_problemsolve.tb_problemsolveBLL.GetProblemSolveByAccount(ParamAccount Param)
   在 GameSpiritSystem.WebAPI.Controllers.ProblemSolveController.<>c__DisplayClass1_0.<GetProblemSolve>b__0()
   在 GameSpiritSystem.BLL.LogUtil.OperationResultUtilPlus.TryCatch[T](Func`1 callback, Object parameters, String strErrorDisplayMsg, String strErrorLogMsg)
============
2016-12-13 10:43:56
2016-12-13 10:43:56:611907--Error----EventId：42000--通用错误信息======GetProblemSolve;MethodName=System.Func`1[GameSpiritSystem.Utility.OperationUtil.OperationResult`1[System.Collections.Generic.IList`1[GameSpiritSystem.Mode.DTOProblemSolve]]];Params:;Ex:MySql.Data.MySqlClient.MySqlException (0x80004005): Access denied for user 'gamespirit_rw'@'172.28.8.120' (using password: YES)
   在 MySql.Data.MySqlClient.MySqlStream.ReadPacket()
   在 MySql.Data.MySqlClient.NativeDriver.AuthenticateNew(Boolean reset)
   在 MySql.Data.MySqlClient.NativeDriver.Authenticate(Boolean reset)
   在 MySql.Data.MySqlClient.NativeDriver.Open()
   在 MySql.Data.MySqlClient.Driver.Open()
   在 MySql.Data.MySqlClient.Driver.Create(MySqlConnectionStringBuilder settings)
   在 MySql.Data.MySqlClient.MySqlPool.GetPooledConnection()
   在 MySql.Data.MySqlClient.MySqlPool.TryToGetDriver()
   在 MySql.Data.MySqlClient.MySqlPool.GetConnection()
   在 MySql.Data.MySqlClient.MySqlConnection.Open()
   在 TinyFx.Data.Database.OpenConnection(DbConnection conn)   在 TinyFx.ExceptionUtil.PreserveStackTrace(Exception ex, Boolean throwFirst)
   在 TinyFx.Data.Database.OpenConnection(DbConnection conn)
   在 TinyFx.Data.Database.ExecReader(CommandWrapper command)
   在 TinyFx.Data.DaoBase.ExecReader(TransactionManager tm)
   在 GameSpiritSystem.BLL.tb_problemsolve.tb_problemsolveBLL.<>c__DisplayClass5_0.<GetProblemSolveByAccount>b__0(Object[] args)
   在 GameSpiritSystem.Utility.Cache.RedisCache.GetList[T](String key, Func`2 getCacheItemFunc, Nullable`1 expiresIn, Object[] args)
   在 GameSpiritSystem.BLL.tb_problemsolve.tb_problemsolveBLL.GetProblemSolveByAccount(ParamAccount Param)
   在 GameSpiritSystem.WebAPI.Controllers.ProblemSolveController.<>c__DisplayClass1_0.<GetProblemSolve>b__0()
   在 GameSpiritSystem.BLL.LogUtil.OperationResultUtilPlus.TryCatch[T](Func`1 callback, Object parameters, String strErrorDisplayMsg, String strErrorLogMsg)
============
2016-12-13 10:43:58
2016-12-13 10:43:58:533807--Error----EventId：42000--通用错误信息======GetProblemSolve;MethodName=System.Func`1[GameSpiritSystem.Utility.OperationUtil.OperationResult`1[System.Collections.Generic.IList`1[GameSpiritSystem.Mode.DTOProblemSolve]]];Params:;Ex:MySql.Data.MySqlClient.MySqlException (0x80004005): Access denied for user 'gamespirit_rw'@'172.28.8.120' (using password: YES)
   在 MySql.Data.MySqlClient.MySqlStream.ReadPacket()
   在 MySql.Data.MySqlClient.NativeDriver.AuthenticateNew(Boolean reset)
   在 MySql.Data.MySqlClient.NativeDriver.Authenticate(Boolean reset)
   在 MySql.Data.MySqlClient.NativeDriver.Open()
   在 MySql.Data.MySqlClient.Driver.Open()
   在 MySql.Data.MySqlClient.Driver.Create(MySqlConnectionStringBuilder settings)
   在 MySql.Data.MySqlClient.MySqlPool.GetPooledConnection()
   在 MySql.Data.MySqlClient.MySqlPool.TryToGetDriver()
   在 MySql.Data.MySqlClient.MySqlPool.GetConnection()
   在 MySql.Data.MySqlClient.MySqlConnection.Open()
   在 TinyFx.Data.Database.OpenConnection(DbConnection conn)   在 TinyFx.ExceptionUtil.PreserveStackTrace(Exception ex, Boolean throwFirst)
   在 TinyFx.Data.Database.OpenConnection(DbConnection conn)
   在 TinyFx.Data.Database.ExecReader(CommandWrapper command)
   在 TinyFx.Data.DaoBase.ExecReader(TransactionManager tm)
   在 GameSpiritSystem.BLL.tb_problemsolve.tb_problemsolveBLL.<>c__DisplayClass5_0.<GetProblemSolveByAccount>b__0(Object[] args)
   在 GameSpiritSystem.Utility.Cache.RedisCache.GetList[T](String key, Func`2 getCacheItemFunc, Nullable`1 expiresIn, Object[] args)
   在 GameSpiritSystem.BLL.tb_problemsolve.tb_problemsolveBLL.GetProblemSolveByAccount(ParamAccount Param)
   在 GameSpiritSystem.WebAPI.Controllers.ProblemSolveController.<>c__DisplayClass1_0.<GetProblemSolve>b__0()
   在 GameSpiritSystem.BLL.LogUtil.OperationResultUtilPlus.TryCatch[T](Func`1 callback, Object parameters, String strErrorDisplayMsg, String strErrorLogMsg)
============
2016-12-13 10:43:59
2016-12-13 10:43:59:502569--Error----EventId：42000--通用错误信息======GetProblemSolve;MethodName=System.Func`1[GameSpiritSystem.Utility.OperationUtil.OperationResult`1[System.Collections.Generic.IList`1[GameSpiritSystem.Mode.DTOProblemSolve]]];Params:;Ex:MySql.Data.MySqlClient.MySqlException (0x80004005): Access denied for user 'gamespirit_rw'@'172.28.8.120' (using password: YES)
   在 MySql.Data.MySqlClient.MySqlStream.ReadPacket()
   在 MySql.Data.MySqlClient.NativeDriver.AuthenticateNew(Boolean reset)
   在 MySql.Data.MySqlClient.NativeDriver.Authenticate(Boolean reset)
   在 MySql.Data.MySqlClient.NativeDriver.Open()
   在 MySql.Data.MySqlClient.Driver.Open()
   在 MySql.Data.MySqlClient.Driver.Create(MySqlConnectionStringBuilder settings)
   在 MySql.Data.MySqlClient.MySqlPool.GetPooledConnection()
   在 MySql.Data.MySqlClient.MySqlPool.TryToGetDriver()
   在 MySql.Data.MySqlClient.MySqlPool.GetConnection()
   在 MySql.Data.MySqlClient.MySqlConnection.Open()
   在 TinyFx.Data.Database.OpenConnection(DbConnection conn)   在 TinyFx.ExceptionUtil.PreserveStackTrace(Exception ex, Boolean throwFirst)
   在 TinyFx.Data.Database.OpenConnection(DbConnection conn)
   在 TinyFx.Data.Database.ExecReader(CommandWrapper command)
   在 TinyFx.Data.DaoBase.ExecReader(TransactionManager tm)
   在 GameSpiritSystem.BLL.tb_problemsolve.tb_problemsolveBLL.<>c__DisplayClass5_0.<GetProblemSolveByAccount>b__0(Object[] args)
   在 GameSpiritSystem.Utility.Cache.RedisCache.GetList[T](String key, Func`2 getCacheItemFunc, Nullable`1 expiresIn, Object[] args)
   在 GameSpiritSystem.BLL.tb_problemsolve.tb_problemsolveBLL.GetProblemSolveByAccount(ParamAccount Param)
   在 GameSpiritSystem.WebAPI.Controllers.ProblemSolveController.<>c__DisplayClass1_0.<GetProblemSolve>b__0()
   在 GameSpiritSystem.BLL.LogUtil.OperationResultUtilPlus.TryCatch[T](Func`1 callback, Object parameters, String strErrorDisplayMsg, String strErrorLogMsg)
============
2016-12-13 10:44:00
2016-12-13 10:44:00:518207--Error----EventId：42000--通用错误信息======GetProblemSolve;MethodName=System.Func`1[GameSpiritSystem.Utility.OperationUtil.OperationResult`1[System.Collections.Generic.IList`1[GameSpiritSystem.Mode.DTOProblemSolve]]];Params:;Ex:MySql.Data.MySqlClient.MySqlException (0x80004005): Access denied for user 'gamespirit_rw'@'172.28.8.120' (using password: YES)
   在 MySql.Data.MySqlClient.MySqlStream.ReadPacket()
   在 MySql.Data.MySqlClient.NativeDriver.AuthenticateNew(Boolean reset)
   在 MySql.Data.MySqlClient.NativeDriver.Authenticate(Boolean reset)
   在 MySql.Data.MySqlClient.NativeDriver.Open()
   在 MySql.Data.MySqlClient.Driver.Open()
   在 MySql.Data.MySqlClient.Driver.Create(MySqlConnectionStringBuilder settings)
   在 MySql.Data.MySqlClient.MySqlPool.GetPooledConnection()
   在 MySql.Data.MySqlClient.MySqlPool.TryToGetDriver()
   在 MySql.Data.MySqlClient.MySqlPool.GetConnection()
   在 MySql.Data.MySqlClient.MySqlConnection.Open()
   在 TinyFx.Data.Database.OpenConnection(DbConnection conn)   在 TinyFx.ExceptionUtil.PreserveStackTrace(Exception ex, Boolean throwFirst)
   在 TinyFx.Data.Database.OpenConnection(DbConnection conn)
   在 TinyFx.Data.Database.ExecReader(CommandWrapper command)
   在 TinyFx.Data.DaoBase.ExecReader(TransactionManager tm)
   在 GameSpiritSystem.BLL.tb_problemsolve.tb_problemsolveBLL.<>c__DisplayClass5_0.<GetProblemSolveByAccount>b__0(Object[] args)
   在 GameSpiritSystem.Utility.Cache.RedisCache.GetList[T](String key, Func`2 getCacheItemFunc, Nullable`1 expiresIn, Object[] args)
   在 GameSpiritSystem.BLL.tb_problemsolve.tb_problemsolveBLL.GetProblemSolveByAccount(ParamAccount Param)
   在 GameSpiritSystem.WebAPI.Controllers.ProblemSolveController.<>c__DisplayClass1_0.<GetProblemSolve>b__0()
   在 GameSpiritSystem.BLL.LogUtil.OperationResultUtilPlus.TryCatch[T](Func`1 callback, Object parameters, String strErrorDisplayMsg, String strErrorLogMsg)
============
2016-12-13 10:44:05
2016-12-13 10:44:05:533896--Error----EventId：42000--通用错误信息======GetProblemSolve;MethodName=System.Func`1[GameSpiritSystem.Utility.OperationUtil.OperationResult`1[System.Collections.Generic.IList`1[GameSpiritSystem.Mode.DTOProblemSolve]]];Params:;Ex:MySql.Data.MySqlClient.MySqlException (0x80004005): Access denied for user 'gamespirit_rw'@'172.28.8.120' (using password: YES)
   在 MySql.Data.MySqlClient.MySqlStream.ReadPacket()
   在 MySql.Data.MySqlClient.NativeDriver.AuthenticateNew(Boolean reset)
   在 MySql.Data.MySqlClient.NativeDriver.Authenticate(Boolean reset)
   在 MySql.Data.MySqlClient.NativeDriver.Open()
   在 MySql.Data.MySqlClient.Driver.Open()
   在 MySql.Data.MySqlClient.Driver.Create(MySqlConnectionStringBuilder settings)
   在 MySql.Data.MySqlClient.MySqlPool.GetPooledConnection()
   在 MySql.Data.MySqlClient.MySqlPool.TryToGetDriver()
   在 MySql.Data.MySqlClient.MySqlPool.GetConnection()
   在 MySql.Data.MySqlClient.MySqlConnection.Open()
   在 TinyFx.Data.Database.OpenConnection(DbConnection conn)   在 TinyFx.ExceptionUtil.PreserveStackTrace(Exception ex, Boolean throwFirst)
   在 TinyFx.Data.Database.OpenConnection(DbConnection conn)
   在 TinyFx.Data.Database.ExecReader(CommandWrapper command)
   在 TinyFx.Data.DaoBase.ExecReader(TransactionManager tm)
   在 GameSpiritSystem.BLL.tb_problemsolve.tb_problemsolveBLL.<>c__DisplayClass5_0.<GetProblemSolveByAccount>b__0(Object[] args)
   在 GameSpiritSystem.Utility.Cache.RedisCache.GetList[T](String key, Func`2 getCacheItemFunc, Nullable`1 expiresIn, Object[] args)
   在 GameSpiritSystem.BLL.tb_problemsolve.tb_problemsolveBLL.GetProblemSolveByAccount(ParamAccount Param)
   在 GameSpiritSystem.WebAPI.Controllers.ProblemSolveController.<>c__DisplayClass1_0.<GetProblemSolve>b__0()
   在 GameSpiritSystem.BLL.LogUtil.OperationResultUtilPlus.TryCatch[T](Func`1 callback, Object parameters, String strErrorDisplayMsg, String strErrorLogMsg)
============
2016-12-13 10:45:24
2016-12-13 10:45:24:941512--Error----EventId：42000--通用错误信息======GetProblemSolve;MethodName=System.Func`1[GameSpiritSystem.Utility.OperationUtil.OperationResult`1[System.Collections.Generic.IList`1[GameSpiritSystem.Mode.DTOProblemSolve]]];Params:;Ex:MySql.Data.MySqlClient.MySqlException (0x80004005): Access denied for user 'gamespirit_rw'@'172.28.8.120' (using password: YES)
   在 MySql.Data.MySqlClient.MySqlStream.ReadPacket()
   在 MySql.Data.MySqlClient.NativeDriver.AuthenticateNew(Boolean reset)
   在 MySql.Data.MySqlClient.NativeDriver.Authenticate(Boolean reset)
   在 MySql.Data.MySqlClient.NativeDriver.Open()
   在 MySql.Data.MySqlClient.Driver.Open()
   在 MySql.Data.MySqlClient.Driver.Create(MySqlConnectionStringBuilder settings)
   在 MySql.Data.MySqlClient.MySqlPool.GetPooledConnection()
   在 MySql.Data.MySqlClient.MySqlPool.TryToGetDriver()
   在 MySql.Data.MySqlClient.MySqlPool.GetConnection()
   在 MySql.Data.MySqlClient.MySqlConnection.Open()
   在 TinyFx.Data.Database.OpenConnection(DbConnection conn)   在 TinyFx.ExceptionUtil.PreserveStackTrace(Exception ex, Boolean throwFirst)
   在 TinyFx.Data.Database.OpenConnection(DbConnection conn)
   在 TinyFx.Data.Database.ExecReader(CommandWrapper command)
   在 TinyFx.Data.DaoBase.ExecReader(TransactionManager tm)
   在 GameSpiritSystem.BLL.tb_problemsolve.tb_problemsolveBLL.<>c__DisplayClass5_0.<GetProblemSolveByAccount>b__0(Object[] args)
   在 GameSpiritSystem.Utility.Cache.RedisCache.GetList[T](String key, Func`2 getCacheItemFunc, Nullable`1 expiresIn, Object[] args)
   在 GameSpiritSystem.BLL.tb_problemsolve.tb_problemsolveBLL.GetProblemSolveByAccount(ParamAccount Param)
   在 GameSpiritSystem.WebAPI.Controllers.ProblemSolveController.<>c__DisplayClass1_0.<GetProblemSolve>b__0()
   在 GameSpiritSystem.BLL.LogUtil.OperationResultUtilPlus.TryCatch[T](Func`1 callback, Object parameters, String strErrorDisplayMsg, String strErrorLogMsg)
============
2016-12-13 10:45:29
2016-12-13 10:45:29:863576--Error----EventId：42000--通用错误信息======GetProblemSolve;MethodName=System.Func`1[GameSpiritSystem.Utility.OperationUtil.OperationResult`1[System.Collections.Generic.IList`1[GameSpiritSystem.Mode.DTOProblemSolve]]];Params:;Ex:MySql.Data.MySqlClient.MySqlException (0x80004005): Access denied for user 'gamespirit_rw'@'172.28.8.120' (using password: YES)
   在 MySql.Data.MySqlClient.MySqlStream.ReadPacket()
   在 MySql.Data.MySqlClient.NativeDriver.AuthenticateNew(Boolean reset)
   在 MySql.Data.MySqlClient.NativeDriver.Authenticate(Boolean reset)
   在 MySql.Data.MySqlClient.NativeDriver.Open()
   在 MySql.Data.MySqlClient.Driver.Open()
   在 MySql.Data.MySqlClient.Driver.Create(MySqlConnectionStringBuilder settings)
   在 MySql.Data.MySqlClient.MySqlPool.GetPooledConnection()
   在 MySql.Data.MySqlClient.MySqlPool.TryToGetDriver()
   在 MySql.Data.MySqlClient.MySqlPool.GetConnection()
   在 MySql.Data.MySqlClient.MySqlConnection.Open()
   在 TinyFx.Data.Database.OpenConnection(DbConnection conn)   在 TinyFx.ExceptionUtil.PreserveStackTrace(Exception ex, Boolean throwFirst)
   在 TinyFx.Data.Database.OpenConnection(DbConnection conn)
   在 TinyFx.Data.Database.ExecReader(CommandWrapper command)
   在 TinyFx.Data.DaoBase.ExecReader(TransactionManager tm)
   在 GameSpiritSystem.BLL.tb_problemsolve.tb_problemsolveBLL.<>c__DisplayClass5_0.<GetProblemSolveByAccount>b__0(Object[] args)
   在 GameSpiritSystem.Utility.Cache.RedisCache.GetList[T](String key, Func`2 getCacheItemFunc, Nullable`1 expiresIn, Object[] args)
   在 GameSpiritSystem.BLL.tb_problemsolve.tb_problemsolveBLL.GetProblemSolveByAccount(ParamAccount Param)
   在 GameSpiritSystem.WebAPI.Controllers.ProblemSolveController.<>c__DisplayClass1_0.<GetProblemSolve>b__0()
   在 GameSpiritSystem.BLL.LogUtil.OperationResultUtilPlus.TryCatch[T](Func`1 callback, Object parameters, String strErrorDisplayMsg, String strErrorLogMsg)
============
2016-12-13 10:47:01
2016-12-13 10:47:01:335287--Error----EventId：42000--通用错误信息======GetProblemSolve;MethodName=System.Func`1[GameSpiritSystem.Utility.OperationUtil.OperationResult`1[System.Collections.Generic.IList`1[GameSpiritSystem.Mode.DTOProblemSolve]]];Params:;Ex:MySql.Data.MySqlClient.MySqlException (0x80004005): Access denied for user 'gamespirit_rw'@'172.28.8.120' (using password: YES)
   在 MySql.Data.MySqlClient.MySqlStream.ReadPacket()
   在 MySql.Data.MySqlClient.NativeDriver.AuthenticateNew(Boolean reset)
   在 MySql.Data.MySqlClient.NativeDriver.Authenticate(Boolean reset)
   在 MySql.Data.MySqlClient.NativeDriver.Open()
   在 MySql.Data.MySqlClient.Driver.Open()
   在 MySql.Data.MySqlClient.Driver.Create(MySqlConnectionStringBuilder settings)
   在 MySql.Data.MySqlClient.MySqlPool.GetPooledConnection()
   在 MySql.Data.MySqlClient.MySqlPool.TryToGetDriver()
   在 MySql.Data.MySqlClient.MySqlPool.GetConnection()
   在 MySql.Data.MySqlClient.MySqlConnection.Open()
   在 TinyFx.Data.Database.OpenConnection(DbConnection conn)   在 TinyFx.ExceptionUtil.PreserveStackTrace(Exception ex, Boolean throwFirst)
   在 TinyFx.Data.Database.OpenConnection(DbConnection conn)
   在 TinyFx.Data.Database.ExecReader(CommandWrapper command)
   在 TinyFx.Data.DaoBase.ExecReader(TransactionManager tm)
   在 GameSpiritSystem.BLL.tb_problemsolve.tb_problemsolveBLL.<>c__DisplayClass5_0.<GetProblemSolveByAccount>b__0(Object[] args)
   在 GameSpiritSystem.Utility.Cache.RedisCache.GetList[T](String key, Func`2 getCacheItemFunc, Nullable`1 expiresIn, Object[] args)
   在 GameSpiritSystem.BLL.tb_problemsolve.tb_problemsolveBLL.GetProblemSolveByAccount(ParamAccount Param)
   在 GameSpiritSystem.WebAPI.Controllers.ProblemSolveController.<>c__DisplayClass1_0.<GetProblemSolve>b__0()
   在 GameSpiritSystem.BLL.LogUtil.OperationResultUtilPlus.TryCatch[T](Func`1 callback, Object parameters, String strErrorDisplayMsg, String strErrorLogMsg)
============
2016-12-13 10:47:04
2016-12-13 10:47:04:257256--Error----EventId：42000--通用错误信息======GetProblemSolve;MethodName=System.Func`1[GameSpiritSystem.Utility.OperationUtil.OperationResult`1[System.Collections.Generic.IList`1[GameSpiritSystem.Mode.DTOProblemSolve]]];Params:;Ex:MySql.Data.MySqlClient.MySqlException (0x80004005): Access denied for user 'gamespirit_rw'@'172.28.8.120' (using password: YES)
   在 MySql.Data.MySqlClient.MySqlStream.ReadPacket()
   在 MySql.Data.MySqlClient.NativeDriver.AuthenticateNew(Boolean reset)
   在 MySql.Data.MySqlClient.NativeDriver.Authenticate(Boolean reset)
   在 MySql.Data.MySqlClient.NativeDriver.Open()
   在 MySql.Data.MySqlClient.Driver.Open()
   在 MySql.Data.MySqlClient.Driver.Create(MySqlConnectionStringBuilder settings)
   在 MySql.Data.MySqlClient.MySqlPool.GetPooledConnection()
   在 MySql.Data.MySqlClient.MySqlPool.TryToGetDriver()
   在 MySql.Data.MySqlClient.MySqlPool.GetConnection()
   在 MySql.Data.MySqlClient.MySqlConnection.Open()
   在 TinyFx.Data.Database.OpenConnection(DbConnection conn)   在 TinyFx.ExceptionUtil.PreserveStackTrace(Exception ex, Boolean throwFirst)
   在 TinyFx.Data.Database.OpenConnection(DbConnection conn)
   在 TinyFx.Data.Database.ExecReader(CommandWrapper command)
   在 TinyFx.Data.DaoBase.ExecReader(TransactionManager tm)
   在 GameSpiritSystem.BLL.tb_problemsolve.tb_problemsolveBLL.<>c__DisplayClass5_0.<GetProblemSolveByAccount>b__0(Object[] args)
   在 GameSpiritSystem.Utility.Cache.RedisCache.GetList[T](String key, Func`2 getCacheItemFunc, Nullable`1 expiresIn, Object[] args)
   在 GameSpiritSystem.BLL.tb_problemsolve.tb_problemsolveBLL.GetProblemSolveByAccount(ParamAccount Param)
   在 GameSpiritSystem.WebAPI.Controllers.ProblemSolveController.<>c__DisplayClass1_0.<GetProblemSolve>b__0()
   在 GameSpiritSystem.BLL.LogUtil.OperationResultUtilPlus.TryCatch[T](Func`1 callback, Object parameters, String strErrorDisplayMsg, String strErrorLogMsg)
============
2016-12-13 10:47:23
2016-12-13 10:47:23:320366--Error----EventId：42000--通用错误信息======GetProblemSolve;MethodName=System.Func`1[GameSpiritSystem.Utility.OperationUtil.OperationResult`1[System.Collections.Generic.IList`1[GameSpiritSystem.Mode.DTOProblemSolve]]];Params:;Ex:MySql.Data.MySqlClient.MySqlException (0x80004005): Access denied for user 'gamespirit_rw'@'172.28.8.120' (using password: YES)
   在 MySql.Data.MySqlClient.MySqlStream.ReadPacket()
   在 MySql.Data.MySqlClient.NativeDriver.AuthenticateNew(Boolean reset)
   在 MySql.Data.MySqlClient.NativeDriver.Authenticate(Boolean reset)
   在 MySql.Data.MySqlClient.NativeDriver.Open()
   在 MySql.Data.MySqlClient.Driver.Open()
   在 MySql.Data.MySqlClient.Driver.Create(MySqlConnectionStringBuilder settings)
   在 MySql.Data.MySqlClient.MySqlPool.GetPooledConnection()
   在 MySql.Data.MySqlClient.MySqlPool.TryToGetDriver()
   在 MySql.Data.MySqlClient.MySqlPool.GetConnection()
   在 MySql.Data.MySqlClient.MySqlConnection.Open()
   在 TinyFx.Data.Database.OpenConnection(DbConnection conn)   在 TinyFx.ExceptionUtil.PreserveStackTrace(Exception ex, Boolean throwFirst)
   在 TinyFx.Data.Database.OpenConnection(DbConnection conn)
   在 TinyFx.Data.Database.ExecReader(CommandWrapper command)
   在 TinyFx.Data.DaoBase.ExecReader(TransactionManager tm)
   在 GameSpiritSystem.BLL.tb_problemsolve.tb_problemsolveBLL.<>c__DisplayClass5_0.<GetProblemSolveByAccount>b__0(Object[] args)
   在 GameSpiritSystem.Utility.Cache.RedisCache.GetList[T](String key, Func`2 getCacheItemFunc, Nullable`1 expiresIn, Object[] args)
   在 GameSpiritSystem.BLL.tb_problemsolve.tb_problemsolveBLL.GetProblemSolveByAccount(ParamAccount Param)
   在 GameSpiritSystem.WebAPI.Controllers.ProblemSolveController.<>c__DisplayClass1_0.<GetProblemSolve>b__0()
   在 GameSpiritSystem.BLL.LogUtil.OperationResultUtilPlus.TryCatch[T](Func`1 callback, Object parameters, String strErrorDisplayMsg, String strErrorLogMsg)
============
2016-12-13 10:47:25
2016-12-13 10:47:25:429808--Error----EventId：42000--通用错误信息======GetProblemSolve;MethodName=System.Func`1[GameSpiritSystem.Utility.OperationUtil.OperationResult`1[System.Collections.Generic.IList`1[GameSpiritSystem.Mode.DTOProblemSolve]]];Params:;Ex:MySql.Data.MySqlClient.MySqlException (0x80004005): Access denied for user 'gamespirit_rw'@'172.28.8.120' (using password: YES)
   在 MySql.Data.MySqlClient.MySqlStream.ReadPacket()
   在 MySql.Data.MySqlClient.NativeDriver.AuthenticateNew(Boolean reset)
   在 MySql.Data.MySqlClient.NativeDriver.Authenticate(Boolean reset)
   在 MySql.Data.MySqlClient.NativeDriver.Open()
   在 MySql.Data.MySqlClient.Driver.Open()
   在 MySql.Data.MySqlClient.Driver.Create(MySqlConnectionStringBuilder settings)
   在 MySql.Data.MySqlClient.MySqlPool.GetPooledConnection()
   在 MySql.Data.MySqlClient.MySqlPool.TryToGetDriver()
   在 MySql.Data.MySqlClient.MySqlPool.GetConnection()
   在 MySql.Data.MySqlClient.MySqlConnection.Open()
   在 TinyFx.Data.Database.OpenConnection(DbConnection conn)   在 TinyFx.ExceptionUtil.PreserveStackTrace(Exception ex, Boolean throwFirst)
   在 TinyFx.Data.Database.OpenConnection(DbConnection conn)
   在 TinyFx.Data.Database.ExecReader(CommandWrapper command)
   在 TinyFx.Data.DaoBase.ExecReader(TransactionManager tm)
   在 GameSpiritSystem.BLL.tb_problemsolve.tb_problemsolveBLL.<>c__DisplayClass5_0.<GetProblemSolveByAccount>b__0(Object[] args)
   在 GameSpiritSystem.Utility.Cache.RedisCache.GetList[T](String key, Func`2 getCacheItemFunc, Nullable`1 expiresIn, Object[] args)
   在 GameSpiritSystem.BLL.tb_problemsolve.tb_problemsolveBLL.GetProblemSolveByAccount(ParamAccount Param)
   在 GameSpiritSystem.WebAPI.Controllers.ProblemSolveController.<>c__DisplayClass1_0.<GetProblemSolve>b__0()
   在 GameSpiritSystem.BLL.LogUtil.OperationResultUtilPlus.TryCatch[T](Func`1 callback, Object parameters, String strErrorDisplayMsg, String strErrorLogMsg)
============
2016-12-13 10:47:25
2016-12-13 10:47:25:882948--Error----EventId：42000--通用错误信息======GetProblemSolve;MethodName=System.Func`1[GameSpiritSystem.Utility.OperationUtil.OperationResult`1[System.Collections.Generic.IList`1[GameSpiritSystem.Mode.DTOProblemSolve]]];Params:;Ex:MySql.Data.MySqlClient.MySqlException (0x80004005): Access denied for user 'gamespirit_rw'@'172.28.8.120' (using password: YES)
   在 MySql.Data.MySqlClient.MySqlStream.ReadPacket()
   在 MySql.Data.MySqlClient.NativeDriver.AuthenticateNew(Boolean reset)
   在 MySql.Data.MySqlClient.NativeDriver.Authenticate(Boolean reset)
   在 MySql.Data.MySqlClient.NativeDriver.Open()
   在 MySql.Data.MySqlClient.Driver.Open()
   在 MySql.Data.MySqlClient.Driver.Create(MySqlConnectionStringBuilder settings)
   在 MySql.Data.MySqlClient.MySqlPool.GetPooledConnection()
   在 MySql.Data.MySqlClient.MySqlPool.TryToGetDriver()
   在 MySql.Data.MySqlClient.MySqlPool.GetConnection()
   在 MySql.Data.MySqlClient.MySqlConnection.Open()
   在 TinyFx.Data.Database.OpenConnection(DbConnection conn)   在 TinyFx.ExceptionUtil.PreserveStackTrace(Exception ex, Boolean throwFirst)
   在 TinyFx.Data.Database.OpenConnection(DbConnection conn)
   在 TinyFx.Data.Database.ExecReader(CommandWrapper command)
   在 TinyFx.Data.DaoBase.ExecReader(TransactionManager tm)
   在 GameSpiritSystem.BLL.tb_problemsolve.tb_problemsolveBLL.<>c__DisplayClass5_0.<GetProblemSolveByAccount>b__0(Object[] args)
   在 GameSpiritSystem.Utility.Cache.RedisCache.GetList[T](String key, Func`2 getCacheItemFunc, Nullable`1 expiresIn, Object[] args)
   在 GameSpiritSystem.BLL.tb_problemsolve.tb_problemsolveBLL.GetProblemSolveByAccount(ParamAccount Param)
   在 GameSpiritSystem.WebAPI.Controllers.ProblemSolveController.<>c__DisplayClass1_0.<GetProblemSolve>b__0()
   在 GameSpiritSystem.BLL.LogUtil.OperationResultUtilPlus.TryCatch[T](Func`1 callback, Object parameters, String strErrorDisplayMsg, String strErrorLogMsg)
============
2016-12-13 10:47:27
2016-12-13 10:47:27:086111--Error----EventId：42000--通用错误信息======GetProblemSolve;MethodName=System.Func`1[GameSpiritSystem.Utility.OperationUtil.OperationResult`1[System.Collections.Generic.IList`1[GameSpiritSystem.Mode.DTOProblemSolve]]];Params:;Ex:MySql.Data.MySqlClient.MySqlException (0x80004005): Access denied for user 'gamespirit_rw'@'172.28.8.120' (using password: YES)
   在 MySql.Data.MySqlClient.MySqlStream.ReadPacket()
   在 MySql.Data.MySqlClient.NativeDriver.AuthenticateNew(Boolean reset)
   在 MySql.Data.MySqlClient.NativeDriver.Authenticate(Boolean reset)
   在 MySql.Data.MySqlClient.NativeDriver.Open()
   在 MySql.Data.MySqlClient.Driver.Open()
   在 MySql.Data.MySqlClient.Driver.Create(MySqlConnectionStringBuilder settings)
   在 MySql.Data.MySqlClient.MySqlPool.GetPooledConnection()
   在 MySql.Data.MySqlClient.MySqlPool.TryToGetDriver()
   在 MySql.Data.MySqlClient.MySqlPool.GetConnection()
   在 MySql.Data.MySqlClient.MySqlConnection.Open()
   在 TinyFx.Data.Database.OpenConnection(DbConnection conn)   在 TinyFx.ExceptionUtil.PreserveStackTrace(Exception ex, Boolean throwFirst)
   在 TinyFx.Data.Database.OpenConnection(DbConnection conn)
   在 TinyFx.Data.Database.ExecReader(CommandWrapper command)
   在 TinyFx.Data.DaoBase.ExecReader(TransactionManager tm)
   在 GameSpiritSystem.BLL.tb_problemsolve.tb_problemsolveBLL.<>c__DisplayClass5_0.<GetProblemSolveByAccount>b__0(Object[] args)
   在 GameSpiritSystem.Utility.Cache.RedisCache.GetList[T](String key, Func`2 getCacheItemFunc, Nullable`1 expiresIn, Object[] args)
   在 GameSpiritSystem.BLL.tb_problemsolve.tb_problemsolveBLL.GetProblemSolveByAccount(ParamAccount Param)
   在 GameSpiritSystem.WebAPI.Controllers.ProblemSolveController.<>c__DisplayClass1_0.<GetProblemSolve>b__0()
   在 GameSpiritSystem.BLL.LogUtil.OperationResultUtilPlus.TryCatch[T](Func`1 callback, Object parameters, String strErrorDisplayMsg, String strErrorLogMsg)
============
2016-12-13 10:47:27
2016-12-13 10:47:27:898637--Error----EventId：42000--通用错误信息======GetProblemSolve;MethodName=System.Func`1[GameSpiritSystem.Utility.OperationUtil.OperationResult`1[System.Collections.Generic.IList`1[GameSpiritSystem.Mode.DTOProblemSolve]]];Params:;Ex:MySql.Data.MySqlClient.MySqlException (0x80004005): Access denied for user 'gamespirit_rw'@'172.28.8.120' (using password: YES)
   在 MySql.Data.MySqlClient.MySqlStream.ReadPacket()
   在 MySql.Data.MySqlClient.NativeDriver.AuthenticateNew(Boolean reset)
   在 MySql.Data.MySqlClient.NativeDriver.Authenticate(Boolean reset)
   在 MySql.Data.MySqlClient.NativeDriver.Open()
   在 MySql.Data.MySqlClient.Driver.Open()
   在 MySql.Data.MySqlClient.Driver.Create(MySqlConnectionStringBuilder settings)
   在 MySql.Data.MySqlClient.MySqlPool.GetPooledConnection()
   在 MySql.Data.MySqlClient.MySqlPool.TryToGetDriver()
   在 MySql.Data.MySqlClient.MySqlPool.GetConnection()
   在 MySql.Data.MySqlClient.MySqlConnection.Open()
   在 TinyFx.Data.Database.OpenConnection(DbConnection conn)   在 TinyFx.ExceptionUtil.PreserveStackTrace(Exception ex, Boolean throwFirst)
   在 TinyFx.Data.Database.OpenConnection(DbConnection conn)
   在 TinyFx.Data.Database.ExecReader(CommandWrapper command)
   在 TinyFx.Data.DaoBase.ExecReader(TransactionManager tm)
   在 GameSpiritSystem.BLL.tb_problemsolve.tb_problemsolveBLL.<>c__DisplayClass5_0.<GetProblemSolveByAccount>b__0(Object[] args)
   在 GameSpiritSystem.Utility.Cache.RedisCache.GetList[T](String key, Func`2 getCacheItemFunc, Nullable`1 expiresIn, Object[] args)
   在 GameSpiritSystem.BLL.tb_problemsolve.tb_problemsolveBLL.GetProblemSolveByAccount(ParamAccount Param)
   在 GameSpiritSystem.WebAPI.Controllers.ProblemSolveController.<>c__DisplayClass1_0.<GetProblemSolve>b__0()
   在 GameSpiritSystem.BLL.LogUtil.OperationResultUtilPlus.TryCatch[T](Func`1 callback, Object parameters, String strErrorDisplayMsg, String strErrorLogMsg)
============
2016-12-13 10:47:28
2016-12-13 10:47:28:789291--Error----EventId：42000--通用错误信息======GetProblemSolve;MethodName=System.Func`1[GameSpiritSystem.Utility.OperationUtil.OperationResult`1[System.Collections.Generic.IList`1[GameSpiritSystem.Mode.DTOProblemSolve]]];Params:;Ex:MySql.Data.MySqlClient.MySqlException (0x80004005): Access denied for user 'gamespirit_rw'@'172.28.8.120' (using password: YES)
   在 MySql.Data.MySqlClient.MySqlStream.ReadPacket()
   在 MySql.Data.MySqlClient.NativeDriver.AuthenticateNew(Boolean reset)
   在 MySql.Data.MySqlClient.NativeDriver.Authenticate(Boolean reset)
   在 MySql.Data.MySqlClient.NativeDriver.Open()
   在 MySql.Data.MySqlClient.Driver.Open()
   在 MySql.Data.MySqlClient.Driver.Create(MySqlConnectionStringBuilder settings)
   在 MySql.Data.MySqlClient.MySqlPool.GetPooledConnection()
   在 MySql.Data.MySqlClient.MySqlPool.TryToGetDriver()
   在 MySql.Data.MySqlClient.MySqlPool.GetConnection()
   在 MySql.Data.MySqlClient.MySqlConnection.Open()
   在 TinyFx.Data.Database.OpenConnection(DbConnection conn)   在 TinyFx.ExceptionUtil.PreserveStackTrace(Exception ex, Boolean throwFirst)
   在 TinyFx.Data.Database.OpenConnection(DbConnection conn)
   在 TinyFx.Data.Database.ExecReader(CommandWrapper command)
   在 TinyFx.Data.DaoBase.ExecReader(TransactionManager tm)
   在 GameSpiritSystem.BLL.tb_problemsolve.tb_problemsolveBLL.<>c__DisplayClass5_0.<GetProblemSolveByAccount>b__0(Object[] args)
   在 GameSpiritSystem.Utility.Cache.RedisCache.GetList[T](String key, Func`2 getCacheItemFunc, Nullable`1 expiresIn, Object[] args)
   在 GameSpiritSystem.BLL.tb_problemsolve.tb_problemsolveBLL.GetProblemSolveByAccount(ParamAccount Param)
   在 GameSpiritSystem.WebAPI.Controllers.ProblemSolveController.<>c__DisplayClass1_0.<GetProblemSolve>b__0()
   在 GameSpiritSystem.BLL.LogUtil.OperationResultUtilPlus.TryCatch[T](Func`1 callback, Object parameters, String strErrorDisplayMsg, String strErrorLogMsg)
============
2016-12-13 10:48:09
2016-12-13 10:48:09:790398--Error----EventId：42000--通用错误信息======GetProblemSolve;MethodName=System.Func`1[GameSpiritSystem.Utility.OperationUtil.OperationResult`1[System.Collections.Generic.IList`1[GameSpiritSystem.Mode.DTOProblemSolve]]];Params:;Ex:MySql.Data.MySqlClient.MySqlException (0x80004005): Access denied for user 'gamespirit_rw'@'172.28.8.120' (using password: YES)
   在 MySql.Data.MySqlClient.MySqlStream.ReadPacket()
   在 MySql.Data.MySqlClient.NativeDriver.AuthenticateNew(Boolean reset)
   在 MySql.Data.MySqlClient.NativeDriver.Authenticate(Boolean reset)
   在 MySql.Data.MySqlClient.NativeDriver.Open()
   在 MySql.Data.MySqlClient.Driver.Open()
   在 MySql.Data.MySqlClient.Driver.Create(MySqlConnectionStringBuilder settings)
   在 MySql.Data.MySqlClient.MySqlPool.GetPooledConnection()
   在 MySql.Data.MySqlClient.MySqlPool.TryToGetDriver()
   在 MySql.Data.MySqlClient.MySqlPool.GetConnection()
   在 MySql.Data.MySqlClient.MySqlConnection.Open()
   在 TinyFx.Data.Database.OpenConnection(DbConnection conn)   在 TinyFx.ExceptionUtil.PreserveStackTrace(Exception ex, Boolean throwFirst)
   在 TinyFx.Data.Database.OpenConnection(DbConnection conn)
   在 TinyFx.Data.Database.ExecReader(CommandWrapper command)
   在 TinyFx.Data.DaoBase.ExecReader(TransactionManager tm)
   在 GameSpiritSystem.BLL.tb_problemsolve.tb_problemsolveBLL.<>c__DisplayClass5_0.<GetProblemSolveByAccount>b__0(Object[] args)
   在 GameSpiritSystem.Utility.Cache.RedisCache.GetList[T](String key, Func`2 getCacheItemFunc, Nullable`1 expiresIn, Object[] args)
   在 GameSpiritSystem.BLL.tb_problemsolve.tb_problemsolveBLL.GetProblemSolveByAccount(ParamAccount Param)
   在 GameSpiritSystem.WebAPI.Controllers.ProblemSolveController.<>c__DisplayClass1_0.<GetProblemSolve>b__0()
   在 GameSpiritSystem.BLL.LogUtil.OperationResultUtilPlus.TryCatch[T](Func`1 callback, Object parameters, String strErrorDisplayMsg, String strErrorLogMsg)
============
2016-12-13 10:48:16
2016-12-13 10:48:16:634350--Error----EventId：42000--通用错误信息======GetProblemSolve;MethodName=System.Func`1[GameSpiritSystem.Utility.OperationUtil.OperationResult`1[System.Collections.Generic.IList`1[GameSpiritSystem.Mode.DTOProblemSolve]]];Params:;Ex:MySql.Data.MySqlClient.MySqlException (0x80004005): Access denied for user 'gamespirit_rw'@'172.28.8.120' (using password: YES)
   在 MySql.Data.MySqlClient.MySqlStream.ReadPacket()
   在 MySql.Data.MySqlClient.NativeDriver.AuthenticateNew(Boolean reset)
   在 MySql.Data.MySqlClient.NativeDriver.Authenticate(Boolean reset)
   在 MySql.Data.MySqlClient.NativeDriver.Open()
   在 MySql.Data.MySqlClient.Driver.Open()
   在 MySql.Data.MySqlClient.Driver.Create(MySqlConnectionStringBuilder settings)
   在 MySql.Data.MySqlClient.MySqlPool.GetPooledConnection()
   在 MySql.Data.MySqlClient.MySqlPool.TryToGetDriver()
   在 MySql.Data.MySqlClient.MySqlPool.GetConnection()
   在 MySql.Data.MySqlClient.MySqlConnection.Open()
   在 TinyFx.Data.Database.OpenConnection(DbConnection conn)   在 TinyFx.ExceptionUtil.PreserveStackTrace(Exception ex, Boolean throwFirst)
   在 TinyFx.Data.Database.OpenConnection(DbConnection conn)
   在 TinyFx.Data.Database.ExecReader(CommandWrapper command)
   在 TinyFx.Data.DaoBase.ExecReader(TransactionManager tm)
   在 GameSpiritSystem.BLL.tb_problemsolve.tb_problemsolveBLL.<>c__DisplayClass5_0.<GetProblemSolveByAccount>b__0(Object[] args)
   在 GameSpiritSystem.Utility.Cache.RedisCache.GetList[T](String key, Func`2 getCacheItemFunc, Nullable`1 expiresIn, Object[] args)
   在 GameSpiritSystem.BLL.tb_problemsolve.tb_problemsolveBLL.GetProblemSolveByAccount(ParamAccount Param)
   在 GameSpiritSystem.WebAPI.Controllers.ProblemSolveController.<>c__DisplayClass1_0.<GetProblemSolve>b__0()
   在 GameSpiritSystem.BLL.LogUtil.OperationResultUtilPlus.TryCatch[T](Func`1 callback, Object parameters, String strErrorDisplayMsg, String strErrorLogMsg)
============
2016-12-13 10:48:17
2016-12-13 10:48:17:415615--Error----EventId：42000--通用错误信息======GetProblemSolve;MethodName=System.Func`1[GameSpiritSystem.Utility.OperationUtil.OperationResult`1[System.Collections.Generic.IList`1[GameSpiritSystem.Mode.DTOProblemSolve]]];Params:;Ex:MySql.Data.MySqlClient.MySqlException (0x80004005): Access denied for user 'gamespirit_rw'@'172.28.8.120' (using password: YES)
   在 MySql.Data.MySqlClient.MySqlStream.ReadPacket()
   在 MySql.Data.MySqlClient.NativeDriver.AuthenticateNew(Boolean reset)
   在 MySql.Data.MySqlClient.NativeDriver.Authenticate(Boolean reset)
   在 MySql.Data.MySqlClient.NativeDriver.Open()
   在 MySql.Data.MySqlClient.Driver.Open()
   在 MySql.Data.MySqlClient.Driver.Create(MySqlConnectionStringBuilder settings)
   在 MySql.Data.MySqlClient.MySqlPool.GetPooledConnection()
   在 MySql.Data.MySqlClient.MySqlPool.TryToGetDriver()
   在 MySql.Data.MySqlClient.MySqlPool.GetConnection()
   在 MySql.Data.MySqlClient.MySqlConnection.Open()
   在 TinyFx.Data.Database.OpenConnection(DbConnection conn)   在 TinyFx.ExceptionUtil.PreserveStackTrace(Exception ex, Boolean throwFirst)
   在 TinyFx.Data.Database.OpenConnection(DbConnection conn)
   在 TinyFx.Data.Database.ExecReader(CommandWrapper command)
   在 TinyFx.Data.DaoBase.ExecReader(TransactionManager tm)
   在 GameSpiritSystem.BLL.tb_problemsolve.tb_problemsolveBLL.<>c__DisplayClass5_0.<GetProblemSolveByAccount>b__0(Object[] args)
   在 GameSpiritSystem.Utility.Cache.RedisCache.GetList[T](String key, Func`2 getCacheItemFunc, Nullable`1 expiresIn, Object[] args)
   在 GameSpiritSystem.BLL.tb_problemsolve.tb_problemsolveBLL.GetProblemSolveByAccount(ParamAccount Param)
   在 GameSpiritSystem.WebAPI.Controllers.ProblemSolveController.<>c__DisplayClass1_0.<GetProblemSolve>b__0()
   在 GameSpiritSystem.BLL.LogUtil.OperationResultUtilPlus.TryCatch[T](Func`1 callback, Object parameters, String strErrorDisplayMsg, String strErrorLogMsg)
============
2016-12-13 10:49:08
2016-12-13 10:49:08:510720--Error----EventId：42000--通用错误信息======GetProblemSolve;MethodName=System.Func`1[GameSpiritSystem.Utility.OperationUtil.OperationResult`1[System.Collections.Generic.IList`1[GameSpiritSystem.Mode.DTOProblemSolve]]];Params:;Ex:MySql.Data.MySqlClient.MySqlException (0x80004005): Access denied for user 'gamespirit_rw'@'172.28.8.120' (using password: YES)
   在 MySql.Data.MySqlClient.MySqlStream.ReadPacket()
   在 MySql.Data.MySqlClient.NativeDriver.AuthenticateNew(Boolean reset)
   在 MySql.Data.MySqlClient.NativeDriver.Authenticate(Boolean reset)
   在 MySql.Data.MySqlClient.NativeDriver.Open()
   在 MySql.Data.MySqlClient.Driver.Open()
   在 MySql.Data.MySqlClient.Driver.Create(MySqlConnectionStringBuilder settings)
   在 MySql.Data.MySqlClient.MySqlPool.GetPooledConnection()
   在 MySql.Data.MySqlClient.MySqlPool.TryToGetDriver()
   在 MySql.Data.MySqlClient.MySqlPool.GetConnection()
   在 MySql.Data.MySqlClient.MySqlConnection.Open()
   在 TinyFx.Data.Database.OpenConnection(DbConnection conn)   在 TinyFx.ExceptionUtil.PreserveStackTrace(Exception ex, Boolean throwFirst)
   在 TinyFx.Data.Database.OpenConnection(DbConnection conn)
   在 TinyFx.Data.Database.ExecReader(CommandWrapper command)
   在 TinyFx.Data.DaoBase.ExecReader(TransactionManager tm)
   在 GameSpiritSystem.BLL.tb_problemsolve.tb_problemsolveBLL.<>c__DisplayClass5_0.<GetProblemSolveByAccount>b__0(Object[] args)
   在 GameSpiritSystem.Utility.Cache.RedisCache.GetList[T](String key, Func`2 getCacheItemFunc, Nullable`1 expiresIn, Object[] args)
   在 GameSpiritSystem.BLL.tb_problemsolve.tb_problemsolveBLL.GetProblemSolveByAccount(ParamAccount Param)
   在 GameSpiritSystem.WebAPI.Controllers.ProblemSolveController.<>c__DisplayClass1_0.<GetProblemSolve>b__0()
   在 GameSpiritSystem.BLL.LogUtil.OperationResultUtilPlus.TryCatch[T](Func`1 callback, Object parameters, String strErrorDisplayMsg, String strErrorLogMsg)
============
2016-12-13 10:49:09
2016-12-13 10:49:09:682632--Error----EventId：42000--通用错误信息======GetProblemSolve;MethodName=System.Func`1[GameSpiritSystem.Utility.OperationUtil.OperationResult`1[System.Collections.Generic.IList`1[GameSpiritSystem.Mode.DTOProblemSolve]]];Params:;Ex:MySql.Data.MySqlClient.MySqlException (0x80004005): Access denied for user 'gamespirit_rw'@'172.28.8.120' (using password: YES)
   在 MySql.Data.MySqlClient.MySqlStream.ReadPacket()
   在 MySql.Data.MySqlClient.NativeDriver.AuthenticateNew(Boolean reset)
   在 MySql.Data.MySqlClient.NativeDriver.Authenticate(Boolean reset)
   在 MySql.Data.MySqlClient.NativeDriver.Open()
   在 MySql.Data.MySqlClient.Driver.Open()
   在 MySql.Data.MySqlClient.Driver.Create(MySqlConnectionStringBuilder settings)
   在 MySql.Data.MySqlClient.MySqlPool.GetPooledConnection()
   在 MySql.Data.MySqlClient.MySqlPool.TryToGetDriver()
   在 MySql.Data.MySqlClient.MySqlPool.GetConnection()
   在 MySql.Data.MySqlClient.MySqlConnection.Open()
   在 TinyFx.Data.Database.OpenConnection(DbConnection conn)   在 TinyFx.ExceptionUtil.PreserveStackTrace(Exception ex, Boolean throwFirst)
   在 TinyFx.Data.Database.OpenConnection(DbConnection conn)
   在 TinyFx.Data.Database.ExecReader(CommandWrapper command)
   在 TinyFx.Data.DaoBase.ExecReader(TransactionManager tm)
   在 GameSpiritSystem.BLL.tb_problemsolve.tb_problemsolveBLL.<>c__DisplayClass5_0.<GetProblemSolveByAccount>b__0(Object[] args)
   在 GameSpiritSystem.Utility.Cache.RedisCache.GetList[T](String key, Func`2 getCacheItemFunc, Nullable`1 expiresIn, Object[] args)
   在 GameSpiritSystem.BLL.tb_problemsolve.tb_problemsolveBLL.GetProblemSolveByAccount(ParamAccount Param)
   在 GameSpiritSystem.WebAPI.Controllers.ProblemSolveController.<>c__DisplayClass1_0.<GetProblemSolve>b__0()
   在 GameSpiritSystem.BLL.LogUtil.OperationResultUtilPlus.TryCatch[T](Func`1 callback, Object parameters, String strErrorDisplayMsg, String strErrorLogMsg)
============
2016-12-13 10:53:41
2016-12-13 10:53:41:362266--Error----EventId：42000--通用错误信息======GetProblemSolve;MethodName=System.Func`1[GameSpiritSystem.Utility.OperationUtil.OperationResult`1[System.Collections.Generic.IList`1[GameSpiritSystem.Mode.DTOProblemSolve]]];Params:;Ex:MySql.Data.MySqlClient.MySqlException (0x80004005): Access denied for user 'gamespirit_rw'@'172.28.8.120' (using password: YES)
   在 MySql.Data.MySqlClient.MySqlStream.ReadPacket()
   在 MySql.Data.MySqlClient.NativeDriver.AuthenticateNew(Boolean reset)
   在 MySql.Data.MySqlClient.NativeDriver.Authenticate(Boolean reset)
   在 MySql.Data.MySqlClient.NativeDriver.Open()
   在 MySql.Data.MySqlClient.Driver.Open()
   在 MySql.Data.MySqlClient.Driver.Create(MySqlConnectionStringBuilder settings)
   在 MySql.Data.MySqlClient.MySqlPool.GetPooledConnection()
   在 MySql.Data.MySqlClient.MySqlPool.TryToGetDriver()
   在 MySql.Data.MySqlClient.MySqlPool.GetConnection()
   在 MySql.Data.MySqlClient.MySqlConnection.Open()
   在 TinyFx.Data.Database.OpenConnection(DbConnection conn)   在 TinyFx.ExceptionUtil.PreserveStackTrace(Exception ex, Boolean throwFirst)
   在 TinyFx.Data.Database.OpenConnection(DbConnection conn)
   在 TinyFx.Data.Database.ExecReader(CommandWrapper command)
   在 TinyFx.Data.DaoBase.ExecReader(TransactionManager tm)
   在 GameSpiritSystem.BLL.tb_problemsolve.tb_problemsolveBLL.<>c__DisplayClass5_0.<GetProblemSolveByAccount>b__0(Object[] args)
   在 GameSpiritSystem.Utility.Cache.RedisCache.GetList[T](String key, Func`2 getCacheItemFunc, Nullable`1 expiresIn, Object[] args)
   在 GameSpiritSystem.BLL.tb_problemsolve.tb_problemsolveBLL.GetProblemSolveByAccount(ParamAccount Param)
   在 GameSpiritSystem.WebAPI.Controllers.ProblemSolveController.<>c__DisplayClass1_0.<GetProblemSolve>b__0()
   在 GameSpiritSystem.BLL.LogUtil.OperationResultUtilPlus.TryCatch[T](Func`1 callback, Object parameters, String strErrorDisplayMsg, String strErrorLogMsg)
============
2016-12-13 10:53:42
2016-12-13 10:53:42:284153--Error----EventId：42000--通用错误信息======AddServiceRecordClient;MethodName=System.Func`1[GameSpiritSystem.Utility.OperationUtil.OperationResult`1[System.Boolean]];Params:;Ex:MySql.Data.MySqlClient.MySqlException (0x80004005): Access denied for user 'gamespirit_rw'@'172.28.8.120' (using password: YES)
   在 MySql.Data.MySqlClient.MySqlStream.ReadPacket()
   在 MySql.Data.MySqlClient.NativeDriver.AuthenticateNew(Boolean reset)
   在 MySql.Data.MySqlClient.NativeDriver.Authenticate(Boolean reset)
   在 MySql.Data.MySqlClient.NativeDriver.Open()
   在 MySql.Data.MySqlClient.Driver.Open()
   在 MySql.Data.MySqlClient.Driver.Create(MySqlConnectionStringBuilder settings)
   在 MySql.Data.MySqlClient.MySqlPool.GetPooledConnection()
   在 MySql.Data.MySqlClient.MySqlPool.TryToGetDriver()
   在 MySql.Data.MySqlClient.MySqlPool.GetConnection()
   在 MySql.Data.MySqlClient.MySqlConnection.Open()
   在 TinyFx.Data.Database.OpenConnection(DbConnection conn)   在 GameSpiritSystem.BLL.tb_bulletinreadrecord.tb_bulletinreadrecordBLL.AddBulletinReadRecordClient(ParamBulletinReadRecordAdd dto)
   在 GameSpiritSystem.WebAPI.Controllers.BulletinReadRecordController.<>c__DisplayClass0_0.<AddBulletinReadRecordClient>b__0()
   在 GameSpiritSystem.BLL.LogUtil.OperationResultUtilPlus.TryCatch[T](Func`1 callback, Object parameters, String strErrorDisplayMsg, String strErrorLogMsg)
============
2016-12-13 10:53:42
2016-12-13 10:53:42:315403--Error----EventId：42000--通用错误信息======GetReadInfoTotal;MethodName=System.Func`1[GameSpiritSystem.Utility.OperationUtil.OperationResult`1[GameSpiritSystem.Mode.DTOBulletinreadrecordRead]];Params:;Ex:MySql.Data.MySqlClient.MySqlException (0x80004005): Access denied for user 'gamespirit_rw'@'172.28.8.120' (using password: YES)
   在 MySql.Data.MySqlClient.MySqlStream.ReadPacket()
   在 MySql.Data.MySqlClient.NativeDriver.AuthenticateNew(Boolean reset)
   在 MySql.Data.MySqlClient.NativeDriver.Authenticate(Boolean reset)
   在 MySql.Data.MySqlClient.NativeDriver.Open()
   在 MySql.Data.MySqlClient.Driver.Open()
   在 MySql.Data.MySqlClient.Driver.Create(MySqlConnectionStringBuilder settings)
   在 MySql.Data.MySqlClient.MySqlPool.GetPooledConnection()
   在 MySql.Data.MySqlClient.MySqlPool.TryToGetDriver()
   在 MySql.Data.MySqlClient.MySqlPool.GetConnection()
   在 MySql.Data.MySqlClient.MySqlConnection.Open()
   在 TinyFx.Data.Database.OpenConnection(DbConnection conn)   在 TinyFx.ExceptionUtil.PreserveStackTrace(Exception ex, Boolean throwFirst)
   在 TinyFx.Data.Database.OpenConnection(DbConnection conn)
   在 TinyFx.Data.Database.ExecReader(CommandWrapper command)
   在 TinyFx.Data.DaoBase.ExecReader(TransactionManager tm)
   在 GameSpiritSystem.BLL.tb_bulletinreadrecord.tb_bulletinreadrecordBLL.<>c__DisplayClass5_0.<GetReadInfoTotal>b__0(Object[] args)
   在 GameSpiritSystem.Utility.Cache.RedisCache.Get[T](String key, Func`2 getCacheItemFunc, TimeSpan expiresIn, Object[] args)
   在 GameSpiritSystem.BLL.tb_bulletinreadrecord.tb_bulletinreadrecordBLL.GetReadInfoTotal(ParamAccount Param)
   在 GameSpiritSystem.WebAPI.Controllers.BulletinReadRecordController.<>c__DisplayClass1_0.<GetReadInfoTotal>b__0()
   在 GameSpiritSystem.BLL.LogUtil.OperationResultUtilPlus.TryCatch[T](Func`1 callback, Object parameters, String strErrorDisplayMsg, String strErrorLogMsg)
============
2016-12-13 10:53:55
2016-12-13 10:53:55:753103--Error----EventId：42000--通用错误信息======GetProblemSolve;MethodName=System.Func`1[GameSpiritSystem.Utility.OperationUtil.OperationResult`1[System.Collections.Generic.IList`1[GameSpiritSystem.Mode.DTOProblemSolve]]];Params:;Ex:MySql.Data.MySqlClient.MySqlException (0x80004005): Access denied for user 'gamespirit_rw'@'172.28.8.120' (using password: YES)
   在 MySql.Data.MySqlClient.MySqlStream.ReadPacket()
   在 MySql.Data.MySqlClient.NativeDriver.AuthenticateNew(Boolean reset)
   在 MySql.Data.MySqlClient.NativeDriver.Authenticate(Boolean reset)
   在 MySql.Data.MySqlClient.NativeDriver.Open()
   在 MySql.Data.MySqlClient.Driver.Open()
   在 MySql.Data.MySqlClient.Driver.Create(MySqlConnectionStringBuilder settings)
   在 MySql.Data.MySqlClient.MySqlPool.GetPooledConnection()
   在 MySql.Data.MySqlClient.MySqlPool.TryToGetDriver()
   在 MySql.Data.MySqlClient.MySqlPool.GetConnection()
   在 MySql.Data.MySqlClient.MySqlConnection.Open()
   在 TinyFx.Data.Database.OpenConnection(DbConnection conn)   在 TinyFx.ExceptionUtil.PreserveStackTrace(Exception ex, Boolean throwFirst)
   在 TinyFx.Data.Database.OpenConnection(DbConnection conn)
   在 TinyFx.Data.Database.ExecReader(CommandWrapper command)
   在 TinyFx.Data.DaoBase.ExecReader(TransactionManager tm)
   在 GameSpiritSystem.BLL.tb_problemsolve.tb_problemsolveBLL.<>c__DisplayClass5_0.<GetProblemSolveByAccount>b__0(Object[] args)
   在 GameSpiritSystem.Utility.Cache.RedisCache.GetList[T](String key, Func`2 getCacheItemFunc, Nullable`1 expiresIn, Object[] args)
   在 GameSpiritSystem.BLL.tb_problemsolve.tb_problemsolveBLL.GetProblemSolveByAccount(ParamAccount Param)
   在 GameSpiritSystem.WebAPI.Controllers.ProblemSolveController.<>c__DisplayClass1_0.<GetProblemSolve>b__0()
   在 GameSpiritSystem.BLL.LogUtil.OperationResultUtilPlus.TryCatch[T](Func`1 callback, Object parameters, String strErrorDisplayMsg, String strErrorLogMsg)
============
2016-12-13 10:53:58
2016-12-13 10:53:58:081273--Error----EventId：42000--通用错误信息======GetReadInfoTotal;MethodName=System.Func`1[GameSpiritSystem.Utility.OperationUtil.OperationResult`1[GameSpiritSystem.Mode.DTOBulletinreadrecordRead]];Params:;Ex:MySql.Data.MySqlClient.MySqlException (0x80004005): Access denied for user 'gamespirit_rw'@'172.28.8.120' (using password: YES)
   在 MySql.Data.MySqlClient.MySqlStream.ReadPacket()
   在 MySql.Data.MySqlClient.NativeDriver.AuthenticateNew(Boolean reset)
   在 MySql.Data.MySqlClient.NativeDriver.Authenticate(Boolean reset)
   在 MySql.Data.MySqlClient.NativeDriver.Open()
   在 MySql.Data.MySqlClient.Driver.Open()
   在 MySql.Data.MySqlClient.Driver.Create(MySqlConnectionStringBuilder settings)
   在 MySql.Data.MySqlClient.MySqlPool.GetPooledConnection()
   在 MySql.Data.MySqlClient.MySqlPool.TryToGetDriver()
   在 MySql.Data.MySqlClient.MySqlPool.GetConnection()
   在 MySql.Data.MySqlClient.MySqlConnection.Open()
   在 TinyFx.Data.Database.OpenConnection(DbConnection conn)   在 TinyFx.ExceptionUtil.PreserveStackTrace(Exception ex, Boolean throwFirst)
   在 TinyFx.Data.Database.OpenConnection(DbConnection conn)
   在 TinyFx.Data.Database.ExecReader(CommandWrapper command)
   在 TinyFx.Data.DaoBase.ExecReader(TransactionManager tm)
   在 GameSpiritSystem.BLL.tb_bulletinreadrecord.tb_bulletinreadrecordBLL.<>c__DisplayClass5_0.<GetReadInfoTotal>b__0(Object[] args)
   在 GameSpiritSystem.Utility.Cache.RedisCache.Get[T](String key, Func`2 getCacheItemFunc, TimeSpan expiresIn, Object[] args)
   在 GameSpiritSystem.BLL.tb_bulletinreadrecord.tb_bulletinreadrecordBLL.GetReadInfoTotal(ParamAccount Param)
   在 GameSpiritSystem.WebAPI.Controllers.BulletinReadRecordController.<>c__DisplayClass1_0.<GetReadInfoTotal>b__0()
   在 GameSpiritSystem.BLL.LogUtil.OperationResultUtilPlus.TryCatch[T](Func`1 callback, Object parameters, String strErrorDisplayMsg, String strErrorLogMsg)
============
2016-12-13 10:53:58
2016-12-13 10:53:58:096898--Error----EventId：42000--通用错误信息======GetProblemSolve;MethodName=System.Func`1[GameSpiritSystem.Utility.OperationUtil.OperationResult`1[System.Collections.Generic.IList`1[GameSpiritSystem.Mode.DTOProblemSolve]]];Params:;Ex:MySql.Data.MySqlClient.MySqlException (0x80004005): Access denied for user 'gamespirit_rw'@'172.28.8.120' (using password: YES)
   在 MySql.Data.MySqlClient.MySqlStream.ReadPacket()
   在 MySql.Data.MySqlClient.NativeDriver.AuthenticateNew(Boolean reset)
   在 MySql.Data.MySqlClient.NativeDriver.Authenticate(Boolean reset)
   在 MySql.Data.MySqlClient.NativeDriver.Open()
   在 MySql.Data.MySqlClient.Driver.Open()
   在 MySql.Data.MySqlClient.Driver.Create(MySqlConnectionStringBuilder settings)
   在 MySql.Data.MySqlClient.MySqlPool.GetPooledConnection()
   在 MySql.Data.MySqlClient.MySqlPool.TryToGetDriver()
   在 MySql.Data.MySqlClient.MySqlPool.GetConnection()
   在 MySql.Data.MySqlClient.MySqlConnection.Open()
   在 TinyFx.Data.Database.OpenConnection(DbConnection conn)   在 TinyFx.ExceptionUtil.PreserveStackTrace(Exception ex, Boolean throwFirst)
   在 TinyFx.Data.Database.OpenConnection(DbConnection conn)
   在 TinyFx.Data.Database.ExecReader(CommandWrapper command)
   在 TinyFx.Data.DaoBase.ExecReader(TransactionManager tm)
   在 GameSpiritSystem.BLL.tb_problemsolve.tb_problemsolveBLL.<>c__DisplayClass5_0.<GetProblemSolveByAccount>b__0(Object[] args)
   在 GameSpiritSystem.Utility.Cache.RedisCache.GetList[T](String key, Func`2 getCacheItemFunc, Nullable`1 expiresIn, Object[] args)
   在 GameSpiritSystem.BLL.tb_problemsolve.tb_problemsolveBLL.GetProblemSolveByAccount(ParamAccount Param)
   在 GameSpiritSystem.WebAPI.Controllers.ProblemSolveController.<>c__DisplayClass1_0.<GetProblemSolve>b__0()
   在 GameSpiritSystem.BLL.LogUtil.OperationResultUtilPlus.TryCatch[T](Func`1 callback, Object parameters, String strErrorDisplayMsg, String strErrorLogMsg)
============
2016-12-13 10:54:07
2016-12-13 10:54:07:456452--Error----EventId：42000--通用错误信息======GetReadInfoTotal;MethodName=System.Func`1[GameSpiritSystem.Utility.OperationUtil.OperationResult`1[GameSpiritSystem.Mode.DTOBulletinreadrecordRead]];Params:;Ex:MySql.Data.MySqlClient.MySqlException (0x80004005): Access denied for user 'gamespirit_rw'@'172.28.8.120' (using password: YES)
   在 MySql.Data.MySqlClient.MySqlStream.ReadPacket()
   在 MySql.Data.MySqlClient.NativeDriver.AuthenticateNew(Boolean reset)
   在 MySql.Data.MySqlClient.NativeDriver.Authenticate(Boolean reset)
   在 MySql.Data.MySqlClient.NativeDriver.Open()
   在 MySql.Data.MySqlClient.Driver.Open()
   在 MySql.Data.MySqlClient.Driver.Create(MySqlConnectionStringBuilder settings)
   在 MySql.Data.MySqlClient.MySqlPool.GetPooledConnection()
   在 MySql.Data.MySqlClient.MySqlPool.TryToGetDriver()
   在 MySql.Data.MySqlClient.MySqlPool.GetConnection()
   在 MySql.Data.MySqlClient.MySqlConnection.Open()
   在 TinyFx.Data.Database.OpenConnection(DbConnection conn)   在 TinyFx.ExceptionUtil.PreserveStackTrace(Exception ex, Boolean throwFirst)
   在 TinyFx.Data.Database.OpenConnection(DbConnection conn)
   在 TinyFx.Data.Database.ExecReader(CommandWrapper command)
   在 TinyFx.Data.DaoBase.ExecReader(TransactionManager tm)
   在 GameSpiritSystem.BLL.tb_bulletinreadrecord.tb_bulletinreadrecordBLL.<>c__DisplayClass5_0.<GetReadInfoTotal>b__0(Object[] args)
   在 GameSpiritSystem.Utility.Cache.RedisCache.Get[T](String key, Func`2 getCacheItemFunc, TimeSpan expiresIn, Object[] args)
   在 GameSpiritSystem.BLL.tb_bulletinreadrecord.tb_bulletinreadrecordBLL.GetReadInfoTotal(ParamAccount Param)
   在 GameSpiritSystem.WebAPI.Controllers.BulletinReadRecordController.<>c__DisplayClass1_0.<GetReadInfoTotal>b__0()
   在 GameSpiritSystem.BLL.LogUtil.OperationResultUtilPlus.TryCatch[T](Func`1 callback, Object parameters, String strErrorDisplayMsg, String strErrorLogMsg)
============
2016-12-13 10:54:22
2016-12-13 10:54:22:503520--Error----EventId：42000--通用错误信息======GetReadInfoTotal;MethodName=System.Func`1[GameSpiritSystem.Utility.OperationUtil.OperationResult`1[GameSpiritSystem.Mode.DTOBulletinreadrecordRead]];Params:;Ex:MySql.Data.MySqlClient.MySqlException (0x80004005): Access denied for user 'gamespirit_rw'@'172.28.8.120' (using password: YES)
   在 MySql.Data.MySqlClient.MySqlStream.ReadPacket()
   在 MySql.Data.MySqlClient.NativeDriver.AuthenticateNew(Boolean reset)
   在 MySql.Data.MySqlClient.NativeDriver.Authenticate(Boolean reset)
   在 MySql.Data.MySqlClient.NativeDriver.Open()
   在 MySql.Data.MySqlClient.Driver.Open()
   在 MySql.Data.MySqlClient.Driver.Create(MySqlConnectionStringBuilder settings)
   在 MySql.Data.MySqlClient.MySqlPool.GetPooledConnection()
   在 MySql.Data.MySqlClient.MySqlPool.TryToGetDriver()
   在 MySql.Data.MySqlClient.MySqlPool.GetConnection()
   在 MySql.Data.MySqlClient.MySqlConnection.Open()
   在 TinyFx.Data.Database.OpenConnection(DbConnection conn)   在 TinyFx.ExceptionUtil.PreserveStackTrace(Exception ex, Boolean throwFirst)
   在 TinyFx.Data.Database.OpenConnection(DbConnection conn)
   在 TinyFx.Data.Database.ExecReader(CommandWrapper command)
   在 TinyFx.Data.DaoBase.ExecReader(TransactionManager tm)
   在 GameSpiritSystem.BLL.tb_bulletinreadrecord.tb_bulletinreadrecordBLL.<>c__DisplayClass5_0.<GetReadInfoTotal>b__0(Object[] args)
   在 GameSpiritSystem.Utility.Cache.RedisCache.Get[T](String key, Func`2 getCacheItemFunc, TimeSpan expiresIn, Object[] args)
   在 GameSpiritSystem.BLL.tb_bulletinreadrecord.tb_bulletinreadrecordBLL.GetReadInfoTotal(ParamAccount Param)
   在 GameSpiritSystem.WebAPI.Controllers.BulletinReadRecordController.<>c__DisplayClass1_0.<GetReadInfoTotal>b__0()
   在 GameSpiritSystem.BLL.LogUtil.OperationResultUtilPlus.TryCatch[T](Func`1 callback, Object parameters, String strErrorDisplayMsg, String strErrorLogMsg)
============
2016-12-13 10:54:25
2016-12-13 10:54:25:456737--Error----EventId：42000--通用错误信息======GetProblemSolve;MethodName=System.Func`1[GameSpiritSystem.Utility.OperationUtil.OperationResult`1[System.Collections.Generic.IList`1[GameSpiritSystem.Mode.DTOProblemSolve]]];Params:;Ex:MySql.Data.MySqlClient.MySqlException (0x80004005): Access denied for user 'gamespirit_rw'@'172.28.8.120' (using password: YES)
   在 MySql.Data.MySqlClient.MySqlStream.ReadPacket()
   在 MySql.Data.MySqlClient.NativeDriver.AuthenticateNew(Boolean reset)
   在 MySql.Data.MySqlClient.NativeDriver.Authenticate(Boolean reset)
   在 MySql.Data.MySqlClient.NativeDriver.Open()
   在 MySql.Data.MySqlClient.Driver.Open()
   在 MySql.Data.MySqlClient.Driver.Create(MySqlConnectionStringBuilder settings)
   在 MySql.Data.MySqlClient.MySqlPool.GetPooledConnection()
   在 MySql.Data.MySqlClient.MySqlPool.TryToGetDriver()
   在 MySql.Data.MySqlClient.MySqlPool.GetConnection()
   在 MySql.Data.MySqlClient.MySqlConnection.Open()
   在 TinyFx.Data.Database.OpenConnection(DbConnection conn)   在 TinyFx.ExceptionUtil.PreserveStackTrace(Exception ex, Boolean throwFirst)
   在 TinyFx.Data.Database.OpenConnection(DbConnection conn)
   在 TinyFx.Data.Database.ExecReader(CommandWrapper command)
   在 TinyFx.Data.DaoBase.ExecReader(TransactionManager tm)
   在 GameSpiritSystem.BLL.tb_problemsolve.tb_problemsolveBLL.<>c__DisplayClass5_0.<GetProblemSolveByAccount>b__0(Object[] args)
   在 GameSpiritSystem.Utility.Cache.RedisCache.GetList[T](String key, Func`2 getCacheItemFunc, Nullable`1 expiresIn, Object[] args)
   在 GameSpiritSystem.BLL.tb_problemsolve.tb_problemsolveBLL.GetProblemSolveByAccount(ParamAccount Param)
   在 GameSpiritSystem.WebAPI.Controllers.ProblemSolveController.<>c__DisplayClass1_0.<GetProblemSolve>b__0()
   在 GameSpiritSystem.BLL.LogUtil.OperationResultUtilPlus.TryCatch[T](Func`1 callback, Object parameters, String strErrorDisplayMsg, String strErrorLogMsg)
============
2016-12-13 10:55:46
2016-12-13 10:55:46:397101--Error----EventId：42000--通用错误信息======GetReadInfoTotal;MethodName=System.Func`1[GameSpiritSystem.Utility.OperationUtil.OperationResult`1[GameSpiritSystem.Mode.DTOBulletinreadrecordRead]];Params:;Ex:MySql.Data.MySqlClient.MySqlException (0x80004005): Access denied for user 'gamespirit_rw'@'172.28.8.120' (using password: YES)
   在 MySql.Data.MySqlClient.MySqlStream.ReadPacket()
   在 MySql.Data.MySqlClient.NativeDriver.AuthenticateNew(Boolean reset)
   在 MySql.Data.MySqlClient.NativeDriver.Authenticate(Boolean reset)
   在 MySql.Data.MySqlClient.NativeDriver.Open()
   在 MySql.Data.MySqlClient.Driver.Open()
   在 MySql.Data.MySqlClient.Driver.Create(MySqlConnectionStringBuilder settings)
   在 MySql.Data.MySqlClient.MySqlPool.GetPooledConnection()
   在 MySql.Data.MySqlClient.MySqlPool.TryToGetDriver()
   在 MySql.Data.MySqlClient.MySqlPool.GetConnection()
   在 MySql.Data.MySqlClient.MySqlConnection.Open()
   在 TinyFx.Data.Database.OpenConnection(DbConnection conn)   在 TinyFx.ExceptionUtil.PreserveStackTrace(Exception ex, Boolean throwFirst)
   在 TinyFx.Data.Database.OpenConnection(DbConnection conn)
   在 TinyFx.Data.Database.ExecReader(CommandWrapper command)
   在 TinyFx.Data.DaoBase.ExecReader(TransactionManager tm)
   在 GameSpiritSystem.BLL.tb_bulletinreadrecord.tb_bulletinreadrecordBLL.<>c__DisplayClass5_0.<GetReadInfoTotal>b__0(Object[] args)
   在 GameSpiritSystem.Utility.Cache.RedisCache.Get[T](String key, Func`2 getCacheItemFunc, TimeSpan expiresIn, Object[] args)
   在 GameSpiritSystem.BLL.tb_bulletinreadrecord.tb_bulletinreadrecordBLL.GetReadInfoTotal(ParamAccount Param)
   在 GameSpiritSystem.WebAPI.Controllers.BulletinReadRecordController.<>c__DisplayClass1_0.<GetReadInfoTotal>b__0()
   在 GameSpiritSystem.BLL.LogUtil.OperationResultUtilPlus.TryCatch[T](Func`1 callback, Object parameters, String strErrorDisplayMsg, String strErrorLogMsg)
============
2016-12-13 10:55:46
2016-12-13 10:55:46:412727--Error----EventId：42000--通用错误信息======GetProblemSolve;MethodName=System.Func`1[GameSpiritSystem.Utility.OperationUtil.OperationResult`1[System.Collections.Generic.IList`1[GameSpiritSystem.Mode.DTOProblemSolve]]];Params:;Ex:MySql.Data.MySqlClient.MySqlException (0x80004005): Access denied for user 'gamespirit_rw'@'172.28.8.120' (using password: YES)
   在 MySql.Data.MySqlClient.MySqlStream.ReadPacket()
   在 MySql.Data.MySqlClient.NativeDriver.AuthenticateNew(Boolean reset)
   在 MySql.Data.MySqlClient.NativeDriver.Authenticate(Boolean reset)
   在 MySql.Data.MySqlClient.NativeDriver.Open()
   在 MySql.Data.MySqlClient.Driver.Open()
   在 MySql.Data.MySqlClient.Driver.Create(MySqlConnectionStringBuilder settings)
   在 MySql.Data.MySqlClient.MySqlPool.GetPooledConnection()
   在 MySql.Data.MySqlClient.MySqlPool.TryToGetDriver()
   在 MySql.Data.MySqlClient.MySqlPool.GetConnection()
   在 MySql.Data.MySqlClient.MySqlConnection.Open()
   在 TinyFx.Data.Database.OpenConnection(DbConnection conn)   在 TinyFx.ExceptionUtil.PreserveStackTrace(Exception ex, Boolean throwFirst)
   在 TinyFx.Data.Database.OpenConnection(DbConnection conn)
   在 TinyFx.Data.Database.ExecReader(CommandWrapper command)
   在 TinyFx.Data.DaoBase.ExecReader(TransactionManager tm)
   在 GameSpiritSystem.BLL.tb_problemsolve.tb_problemsolveBLL.<>c__DisplayClass5_0.<GetProblemSolveByAccount>b__0(Object[] args)
   在 GameSpiritSystem.Utility.Cache.RedisCache.GetList[T](String key, Func`2 getCacheItemFunc, Nullable`1 expiresIn, Object[] args)
   在 GameSpiritSystem.BLL.tb_problemsolve.tb_problemsolveBLL.GetProblemSolveByAccount(ParamAccount Param)
   在 GameSpiritSystem.WebAPI.Controllers.ProblemSolveController.<>c__DisplayClass1_0.<GetProblemSolve>b__0()
   在 GameSpiritSystem.BLL.LogUtil.OperationResultUtilPlus.TryCatch[T](Func`1 callback, Object parameters, String strErrorDisplayMsg, String strErrorLogMsg)
============
2016-12-13 14:46:26
2016-12-13 14:46:26:105918--Error----EventId：47999--前端一般错误信息======验证用户权限失败;MethodName=CustomAuthorizeAttribute;Params:Request：Method: GET, RequestUri: 'http://66.ourgame.com/GameSpirit/BulletinReadRecord/GetReadInfoTotal', Version: 1.1, Content: System.Web.Http.WebHost.HttpControllerHandler+LazyStreamContent, Headers:
{
  Connection: keep-alive
  Accept: text/html
  Accept: application/xhtml+xml
  Accept: application/xml; q=0.9
  Accept: image/webp
  Accept: */*; q=0.8
  Accept-Encoding: gzip
  Accept-Encoding: deflate
  Accept-Encoding: sdch
  Accept-Language: zh-CN
  Accept-Language: zh; q=0.8
  Host: 66.ourgame.com
  User-Agent: Mozilla/5.0
  User-Agent: (Macintosh; Intel Mac OS X 10_12_1)
  User-Agent: AppleWebKit/537.36
  User-Agent: (KHTML, like Gecko)
  User-Agent: Chrome/55.0.2883.75
  User-Agent: Safari/537.36
  Upgrade-Insecure-Requests: 1
},Args：{};Ex:System.NullReferenceException: 未将对象引用设置到对象的实例。
   在 GameSpiritSystem.WebAPI.Services.TokenAuthorizeAttribute.OnAuthorization(HttpActionContext actionContext)
============
2016-12-13 18:50:42
2016-12-13 18:50:42:370055--Error----EventId：42000--通用错误信息======GetProblemInfoById;MethodName=System.Func`1[GameSpiritSystem.Utility.OperationUtil.OperationResult`1[GameSpiritSystem.Mode.DTOProblemInfo]];Params:;Ex:System.NullReferenceException: 未将对象引用设置到对象的实例。
   在 GameSpiritSystem.Mode.DTOProblemInfo..ctor(TbProblemEO EO)
   在 GameSpiritSystem.WebAPI.Controllers.ProblemController.<>c__DisplayClass1_0.<GetProblemInfoById>b__0()
   在 GameSpiritSystem.BLL.LogUtil.OperationResultUtilPlus.TryCatch[T](Func`1 callback, Object parameters, String strErrorDisplayMsg, String strErrorLogMsg)
