============
2016-12-05 13:34:33
2016-12-05 13:34:33:292051--Error----EventId：42000--通用错误信息======AddServiceRecordClient;MethodName=System.Func`1[GameSpiritSystem.Utility.OperationUtil.OperationResult`1[System.Boolean]];Params:;Ex:System.InvalidOperationException: 可为空的对象必须具有一个值。
   在 GameSpiritSystem.BLL.tb_bulletinreadrecord.tb_bulletinreadrecordBLL.AddBulletinReadRecordClient(ParamBulletinReadRecordAdd dto)
   在 GameSpiritSystem.WebAPI.Controllers.BulletinReadRecordController.<>c__DisplayClass0_0.<AddBulletinReadRecordClient>b__0()
   在 GameSpiritSystem.BLL.LogUtil.OperationResultUtilPlus.TryCatch[T](Func`1 callback, Object parameters, String strErrorDisplayMsg, String strErrorLogMsg)
============
2016-12-05 13:36:30
2016-12-05 13:36:30:919724--Error----EventId：42000--通用错误信息======AddServiceRecordClient;MethodName=System.Func`1[GameSpiritSystem.Utility.OperationUtil.OperationResult`1[System.Boolean]];Params:;Ex:System.InvalidOperationException: 可为空的对象必须具有一个值。
   在 GameSpiritSystem.BLL.tb_bulletinreadrecord.tb_bulletinreadrecordBLL.AddBulletinReadRecordClient(ParamBulletinReadRecordAdd dto)
   在 GameSpiritSystem.WebAPI.Controllers.BulletinReadRecordController.<>c__DisplayClass0_0.<AddBulletinReadRecordClient>b__0()
   在 GameSpiritSystem.BLL.LogUtil.OperationResultUtilPlus.TryCatch[T](Func`1 callback, Object parameters, String strErrorDisplayMsg, String strErrorLogMsg)
============
2016-12-05 13:36:48
2016-12-05 13:36:48:951435--Error----EventId：42000--通用错误信息======AddServiceRecordClient;MethodName=System.Func`1[GameSpiritSystem.Utility.OperationUtil.OperationResult`1[System.Boolean]];Params:;Ex:System.InvalidOperationException: 可为空的对象必须具有一个值。
   在 GameSpiritSystem.BLL.tb_bulletinreadrecord.tb_bulletinreadrecordBLL.AddBulletinReadRecordClient(ParamBulletinReadRecordAdd dto)
   在 GameSpiritSystem.WebAPI.Controllers.BulletinReadRecordController.<>c__DisplayClass0_0.<AddBulletinReadRecordClient>b__0()
   在 GameSpiritSystem.BLL.LogUtil.OperationResultUtilPlus.TryCatch[T](Func`1 callback, Object parameters, String strErrorDisplayMsg, String strErrorLogMsg)
============
2016-12-05 14:07:55
2016-12-05 14:07:55:889936--Error----EventId：42000--通用错误信息======AddServiceRecordClient;MethodName=System.Func`1[GameSpiritSystem.Utility.OperationUtil.OperationResult`1[System.Boolean]];Params:;Ex:System.InvalidOperationException: 可为空的对象必须具有一个值。
   在 GameSpiritSystem.BLL.tb_bulletinreadrecord.tb_bulletinreadrecordBLL.AddBulletinReadRecordClient(ParamBulletinReadRecordAdd dto)
   在 GameSpiritSystem.WebAPI.Controllers.BulletinReadRecordController.<>c__DisplayClass0_0.<AddBulletinReadRecordClient>b__0()
   在 GameSpiritSystem.BLL.LogUtil.OperationResultUtilPlus.TryCatch[T](Func`1 callback, Object parameters, String strErrorDisplayMsg, String strErrorLogMsg)
============
2016-12-05 14:08:03
2016-12-05 14:08:03:140168--Error----EventId：42000--通用错误信息======AddServiceRecordClient;MethodName=System.Func`1[GameSpiritSystem.Utility.OperationUtil.OperationResult`1[System.Boolean]];Params:;Ex:System.InvalidOperationException: 可为空的对象必须具有一个值。
   在 GameSpiritSystem.BLL.tb_bulletinreadrecord.tb_bulletinreadrecordBLL.AddBulletinReadRecordClient(ParamBulletinReadRecordAdd dto)
   在 GameSpiritSystem.WebAPI.Controllers.BulletinReadRecordController.<>c__DisplayClass0_0.<AddBulletinReadRecordClient>b__0()
   在 GameSpiritSystem.BLL.LogUtil.OperationResultUtilPlus.TryCatch[T](Func`1 callback, Object parameters, String strErrorDisplayMsg, String strErrorLogMsg)
============
2016-12-05 14:08:12
2016-12-05 14:08:12:968543--Error----EventId：42000--通用错误信息======AddServiceRecordClient;MethodName=System.Func`1[GameSpiritSystem.Utility.OperationUtil.OperationResult`1[System.Boolean]];Params:;Ex:System.InvalidOperationException: 可为空的对象必须具有一个值。
   在 GameSpiritSystem.BLL.tb_bulletinreadrecord.tb_bulletinreadrecordBLL.AddBulletinReadRecordClient(ParamBulletinReadRecordAdd dto)
   在 GameSpiritSystem.WebAPI.Controllers.BulletinReadRecordController.<>c__DisplayClass0_0.<AddBulletinReadRecordClient>b__0()
   在 GameSpiritSystem.BLL.LogUtil.OperationResultUtilPlus.TryCatch[T](Func`1 callback, Object parameters, String strErrorDisplayMsg, String strErrorLogMsg)
