============
2016-12-01 11:18:07
2016-12-01 11:18:07:208890--Error----EventId：47999--前端一般错误信息======验证用户权限失败;MethodName=CustomAuthorizeAttribute;Params:Request：Method: POST, RequestUri: 'http://wnd.bg.admin.ourgame.com/LZGameSpiritWebAPI/ServiceRecord/AddServiceRecordClient', Version: 1.1, Content: System.Web.Http.WebHost.HttpControllerHandler+LazyStreamContent, Headers:
{
  Connection: keep-alive
  Accept: application/json
  Accept: text/plain
  Accept: */*
  Accept-Encoding: gzip
  Accept-Encoding: deflate
  Accept-Language: zh-CN
  Accept-Language: zh; q=0.8
  Host: wnd.bg.admin.ourgame.com
  Referer: http://localhost:8080/
  User-Agent: Mozilla/5.0
  User-Agent: (iPhone; CPU iPhone OS 9_1 like Mac OS X)
  User-Agent: AppleWebKit/601.1.46
  User-Agent: (KHTML, like Gecko)
  User-Agent: Version/9.0
  User-Agent: Mobile/13B143
  User-Agent: Safari/601.1
  Origin: http://localhost:8080
  Content-Length: 25
  Content-Type: application/x-www-form-urlencoded
},Args：{};Ex:System.FormatException: Base-64 字符数组或字符串的长度无效。
   在 System.Convert.FromBase64_Decode(Char* startInputPtr, Int32 inputLength, Byte* startDestPtr, Int32 destLength)
   在 System.Convert.FromBase64CharPtr(Char* inputPtr, Int32 inputLength)
   在 System.Convert.FromBase64String(String s)
   在 GameSpiritSystem.WebAPI.Services.AuthTokenBLL.AuthToken(String token, String roleName)
   在 GameSpiritSystem.WebAPI.Services.TokenAuthorizeAttribute.OnAuthorization(HttpActionContext actionContext)
============
2016-12-01 11:33:05
2016-12-01 11:33:05:702796--Error--上传照片失败 错误信息为System.Exception: 读取fastDFS配置文件，初始化连接tracker失败未将对象引用设置到对象的实例。
   在 FastDFS.Client.FastDFSClient..ctor(String configPath)
   在 GameSpiritSystem.WebAPI.Controllers.ComplexController.ImgUpload(PamaImage Param)
============
2016-12-01 11:33:05
2016-12-01 11:33:05:702796--Error--上传照片失败 错误信息为System.Exception: 读取fastDFS配置文件，初始化连接tracker失败未将对象引用设置到对象的实例。
   在 FastDFS.Client.FastDFSClient..ctor(String configPath)
   在 GameSpiritSystem.WebAPI.Controllers.ComplexController.ImgUpload(PamaImage Param)
============
2016-12-01 11:33:53
2016-12-01 11:33:53:844528--Error----EventId：47999--前端一般错误信息======验证用户权限失败;MethodName=CustomAuthorizeAttribute;Params:Request：Method: POST, RequestUri: 'http://wnd.bg.admin.ourgame.com/LZGameSpiritWebAPI/ServiceRecord/AddServiceRecordClient', Version: 1.1, Content: System.Web.Http.WebHost.HttpControllerHandler+LazyStreamContent, Headers:
{
  Connection: keep-alive
  Accept: application/json
  Accept: text/plain
  Accept: */*
  Accept-Encoding: gzip
  Accept-Encoding: deflate
  Accept-Language: zh-CN
  Accept-Language: zh; q=0.8
  Host: wnd.bg.admin.ourgame.com
  Referer: http://localhost:8080/
  User-Agent: Mozilla/5.0
  User-Agent: (iPhone; CPU iPhone OS 9_1 like Mac OS X)
  User-Agent: AppleWebKit/601.1.46
  User-Agent: (KHTML, like Gecko)
  User-Agent: Version/9.0
  User-Agent: Mobile/13B143
  User-Agent: Safari/601.1
  Origin: http://localhost:8080
  Content-Length: 550
  Content-Type: application/x-www-form-urlencoded
},Args：{};Ex:System.FormatException: Base-64 字符数组或字符串的长度无效。
   在 System.Convert.FromBase64_Decode(Char* startInputPtr, Int32 inputLength, Byte* startDestPtr, Int32 destLength)
   在 System.Convert.FromBase64CharPtr(Char* inputPtr, Int32 inputLength)
   在 System.Convert.FromBase64String(String s)
   在 GameSpiritSystem.WebAPI.Services.AuthTokenBLL.AuthToken(String token, String roleName)
   在 GameSpiritSystem.WebAPI.Services.TokenAuthorizeAttribute.OnAuthorization(HttpActionContext actionContext)
============
2016-12-01 11:34:37
2016-12-01 11:34:37:892287--Error----EventId：47999--前端一般错误信息======验证用户权限失败;MethodName=CustomAuthorizeAttribute;Params:Request：Method: POST, RequestUri: 'http://wnd.bg.admin.ourgame.com/LZGameSpiritWebAPI/ServiceRecord/AddServiceRecordClient', Version: 1.1, Content: System.Web.Http.WebHost.HttpControllerHandler+LazyStreamContent, Headers:
{
  Connection: keep-alive
  Accept: application/json
  Accept: text/plain
  Accept: */*
  Accept-Encoding: gzip
  Accept-Encoding: deflate
  Accept-Language: zh-CN
  Accept-Language: zh; q=0.8
  Host: wnd.bg.admin.ourgame.com
  Referer: http://localhost:8080/
  User-Agent: Mozilla/5.0
  User-Agent: (iPhone; CPU iPhone OS 9_1 like Mac OS X)
  User-Agent: AppleWebKit/601.1.46
  User-Agent: (KHTML, like Gecko)
  User-Agent: Version/9.0
  User-Agent: Mobile/13B143
  User-Agent: Safari/601.1
  Origin: http://localhost:8080
  Content-Length: 464
  Content-Type: application/x-www-form-urlencoded
},Args：{};Ex:System.FormatException: Base-64 字符数组或字符串的长度无效。
   在 System.Convert.FromBase64_Decode(Char* startInputPtr, Int32 inputLength, Byte* startDestPtr, Int32 destLength)
   在 System.Convert.FromBase64CharPtr(Char* inputPtr, Int32 inputLength)
   在 System.Convert.FromBase64String(String s)
   在 GameSpiritSystem.WebAPI.Services.AuthTokenBLL.AuthToken(String token, String roleName)
   在 GameSpiritSystem.WebAPI.Services.TokenAuthorizeAttribute.OnAuthorization(HttpActionContext actionContext)
============
2016-12-01 11:35:54
2016-12-01 11:35:54:706679--Error----EventId：47999--前端一般错误信息======验证用户权限失败;MethodName=CustomAuthorizeAttribute;Params:Request：Method: POST, RequestUri: 'http://wnd.bg.admin.ourgame.com/LZGameSpiritWebAPI/ServiceRecord/AddServiceRecordClient', Version: 1.1, Content: System.Web.Http.WebHost.HttpControllerHandler+LazyStreamContent, Headers:
{
  Connection: keep-alive
  Accept: application/json
  Accept: text/plain
  Accept: */*
  Accept-Encoding: gzip
  Accept-Encoding: deflate
  Accept-Language: zh-CN
  Accept-Language: zh; q=0.8
  Host: wnd.bg.admin.ourgame.com
  Referer: http://localhost:8080/
  User-Agent: Mozilla/5.0
  User-Agent: (iPhone; CPU iPhone OS 9_1 like Mac OS X)
  User-Agent: AppleWebKit/601.1.46
  User-Agent: (KHTML, like Gecko)
  User-Agent: Version/9.0
  User-Agent: Mobile/13B143
  User-Agent: Safari/601.1
  Origin: http://localhost:8080
  Content-Length: 275
  Content-Type: application/x-www-form-urlencoded
},Args：{};Ex:System.FormatException: Base-64 字符数组或字符串的长度无效。
   在 System.Convert.FromBase64_Decode(Char* startInputPtr, Int32 inputLength, Byte* startDestPtr, Int32 destLength)
   在 System.Convert.FromBase64CharPtr(Char* inputPtr, Int32 inputLength)
   在 System.Convert.FromBase64String(String s)
   在 GameSpiritSystem.WebAPI.Services.AuthTokenBLL.AuthToken(String token, String roleName)
   在 GameSpiritSystem.WebAPI.Services.TokenAuthorizeAttribute.OnAuthorization(HttpActionContext actionContext)
============
2016-12-01 11:37:22
2016-12-01 11:37:22:896600--Error----EventId：47999--前端一般错误信息======验证用户权限失败;MethodName=CustomAuthorizeAttribute;Params:Request：Method: POST, RequestUri: 'http://wnd.bg.admin.ourgame.com/LZGameSpiritWebAPI/ServiceRecord/AddServiceRecordClient', Version: 1.1, Content: System.Web.Http.WebHost.HttpControllerHandler+LazyStreamContent, Headers:
{
  Connection: keep-alive
  Accept: application/json
  Accept: text/plain
  Accept: */*
  Accept-Encoding: gzip
  Accept-Encoding: deflate
  Accept-Language: zh-CN
  Accept-Language: zh; q=0.8
  Host: wnd.bg.admin.ourgame.com
  Referer: http://localhost:8080/
  User-Agent: Mozilla/5.0
  User-Agent: (iPhone; CPU iPhone OS 9_1 like Mac OS X)
  User-Agent: AppleWebKit/601.1.46
  User-Agent: (KHTML, like Gecko)
  User-Agent: Version/9.0
  User-Agent: Mobile/13B143
  User-Agent: Safari/601.1
  Origin: http://localhost:8080
  Content-Length: 261
  Content-Type: application/x-www-form-urlencoded
},Args：{};Ex:System.FormatException: Base-64 字符数组或字符串的长度无效。
   在 System.Convert.FromBase64_Decode(Char* startInputPtr, Int32 inputLength, Byte* startDestPtr, Int32 destLength)
   在 System.Convert.FromBase64CharPtr(Char* inputPtr, Int32 inputLength)
   在 System.Convert.FromBase64String(String s)
   在 GameSpiritSystem.WebAPI.Services.AuthTokenBLL.AuthToken(String token, String roleName)
   在 GameSpiritSystem.WebAPI.Services.TokenAuthorizeAttribute.OnAuthorization(HttpActionContext actionContext)
============
2016-12-01 11:37:36
2016-12-01 11:37:36:646785--Error----EventId：47999--前端一般错误信息======验证用户权限失败;MethodName=CustomAuthorizeAttribute;Params:Request：Method: POST, RequestUri: 'http://wnd.bg.admin.ourgame.com/LZGameSpiritWebAPI/ServiceRecord/AddServiceRecordClient', Version: 1.1, Content: System.Web.Http.WebHost.HttpControllerHandler+LazyStreamContent, Headers:
{
  Connection: keep-alive
  Accept: application/json
  Accept: text/plain
  Accept: */*
  Accept-Encoding: gzip
  Accept-Encoding: deflate
  Accept-Language: zh-CN
  Accept-Language: zh; q=0.8
  Host: wnd.bg.admin.ourgame.com
  Referer: http://localhost:8080/
  User-Agent: Mozilla/5.0
  User-Agent: (iPhone; CPU iPhone OS 9_1 like Mac OS X)
  User-Agent: AppleWebKit/601.1.46
  User-Agent: (KHTML, like Gecko)
  User-Agent: Version/9.0
  User-Agent: Mobile/13B143
  User-Agent: Safari/601.1
  Origin: http://localhost:8080
  Content-Length: 233
  Content-Type: application/x-www-form-urlencoded
},Args：{};Ex:System.FormatException: Base-64 字符数组或字符串的长度无效。
   在 System.Convert.FromBase64_Decode(Char* startInputPtr, Int32 inputLength, Byte* startDestPtr, Int32 destLength)
   在 System.Convert.FromBase64CharPtr(Char* inputPtr, Int32 inputLength)
   在 System.Convert.FromBase64String(String s)
   在 GameSpiritSystem.WebAPI.Services.AuthTokenBLL.AuthToken(String token, String roleName)
   在 GameSpiritSystem.WebAPI.Services.TokenAuthorizeAttribute.OnAuthorization(HttpActionContext actionContext)
============
2016-12-01 11:39:04
2016-12-01 11:39:04:835955--Error----EventId：47999--前端一般错误信息======验证用户权限失败;MethodName=CustomAuthorizeAttribute;Params:Request：Method: POST, RequestUri: 'http://wnd.bg.admin.ourgame.com/LZGameSpiritWebAPI/ServiceRecord/AddServiceRecordClient', Version: 1.1, Content: System.Web.Http.WebHost.HttpControllerHandler+LazyStreamContent, Headers:
{
  Connection: keep-alive
  Accept: application/json
  Accept: text/plain
  Accept: */*
  Accept-Encoding: gzip
  Accept-Encoding: deflate
  Accept-Language: zh-CN
  Accept-Language: zh; q=0.8
  Host: wnd.bg.admin.ourgame.com
  Referer: http://localhost:8080/
  User-Agent: Mozilla/5.0
  User-Agent: (iPhone; CPU iPhone OS 9_1 like Mac OS X)
  User-Agent: AppleWebKit/601.1.46
  User-Agent: (KHTML, like Gecko)
  User-Agent: Version/9.0
  User-Agent: Mobile/13B143
  User-Agent: Safari/601.1
  Origin: http://localhost:8080
  Content-Length: 233
  Content-Type: application/x-www-form-urlencoded
},Args：{};Ex:System.FormatException: Base-64 字符数组或字符串的长度无效。
   在 System.Convert.FromBase64_Decode(Char* startInputPtr, Int32 inputLength, Byte* startDestPtr, Int32 destLength)
   在 System.Convert.FromBase64CharPtr(Char* inputPtr, Int32 inputLength)
   在 System.Convert.FromBase64String(String s)
   在 GameSpiritSystem.WebAPI.Services.AuthTokenBLL.AuthToken(String token, String roleName)
   在 GameSpiritSystem.WebAPI.Services.TokenAuthorizeAttribute.OnAuthorization(HttpActionContext actionContext)
============
2016-12-01 11:39:33
2016-12-01 11:39:33:555547--Error----EventId：47999--前端一般错误信息======验证用户权限失败;MethodName=CustomAuthorizeAttribute;Params:Request：Method: POST, RequestUri: 'http://wnd.bg.admin.ourgame.com/LZGameSpiritWebAPI/ServiceRecord/AddServiceRecordClient', Version: 1.1, Content: System.Web.Http.WebHost.HttpControllerHandler+LazyStreamContent, Headers:
{
  Connection: keep-alive
  Accept: application/json
  Accept: text/plain
  Accept: */*
  Accept-Encoding: gzip
  Accept-Encoding: deflate
  Accept-Language: zh-CN
  Accept-Language: zh; q=0.8
  Host: wnd.bg.admin.ourgame.com
  Referer: http://localhost:8080/
  User-Agent: Mozilla/5.0
  User-Agent: (iPhone; CPU iPhone OS 9_1 like Mac OS X)
  User-Agent: AppleWebKit/601.1.46
  User-Agent: (KHTML, like Gecko)
  User-Agent: Version/9.0
  User-Agent: Mobile/13B143
  User-Agent: Safari/601.1
  Origin: http://localhost:8080
  Content-Length: 247
  Content-Type: application/x-www-form-urlencoded
},Args：{};Ex:System.FormatException: Base-64 字符数组或字符串的长度无效。
   在 System.Convert.FromBase64_Decode(Char* startInputPtr, Int32 inputLength, Byte* startDestPtr, Int32 destLength)
   在 System.Convert.FromBase64CharPtr(Char* inputPtr, Int32 inputLength)
   在 System.Convert.FromBase64String(String s)
   在 GameSpiritSystem.WebAPI.Services.AuthTokenBLL.AuthToken(String token, String roleName)
   在 GameSpiritSystem.WebAPI.Services.TokenAuthorizeAttribute.OnAuthorization(HttpActionContext actionContext)
